I220119 08:33:46.942196 1 util/log/clog.go:1194  [config] file created at: 2022/01/19 08:33:46
I220119 08:33:46.942196 1 util/log/clog.go:1194  [config] running on machine: ubuntu
I220119 08:33:46.942196 1 util/log/clog.go:1194  [config] binary: ZNBaseDB OSS 4cd474b8 (x86_64-linux-gnu, built 2022/01/19 07:14:44, go1.14)
I220119 08:33:46.942196 1 util/log/clog.go:1194  [config] arguments: [./znbase start --insecure --store=./node3 --listen-addr=:23458 --http-addr=:8002 --join=:23456,:23457,:23458]
I220119 08:33:46.942196 1 util/log/clog.go:1194  line format: [IWEF]yymmdd hh:mm:ss.uuuuuu goid file:line msg utf8=✓
I220119 08:33:46.942195 1 cli/start.go:1156  logging to directory /home/yangjx/go/src/github.com/znbasedb/znbase/node3/logs
W220119 08:33:46.942449 1 cli/start.go:1191  RUNNING IN INSECURE MODE!

- Your cluster is open for any client that can access <all your IP addresses>.
- Any user, even root, can log in without providing a password.
- Any user, connecting as root, can read or write any data in your cluster.
- There is no network encryption nor authentication, and thus no confidentiality.

Check out how to secure your cluster: official docs about version 4cd474b8
I220119 08:33:46.942566 1 server/status/recorder.go:610  available memory from cgroups (8.0 EiB) exceeds system memory 3.8 GiB, using system memory
W220119 08:33:46.942601 1 cli/start.go:1067  Using the default setting for --cache (128 MiB).
  A significantly larger value is usually needed for good performance.
  If you have a dedicated server a reasonable setting is --cache=.25 (976 MiB).
I220119 08:33:46.942669 1 server/status/recorder.go:610  available memory from cgroups (8.0 EiB) exceeds system memory 3.8 GiB, using system memory
W220119 08:33:46.942681 1 cli/start.go:1080  Using the default setting for --max-sql-memory (128 MiB).
  A significantly larger value is usually needed in production.
  If you have a dedicated server a reasonable setting is --max-sql-memory=.25 (976 MiB).
I220119 08:33:46.942723 1 server/status/recorder.go:610  available memory from cgroups (8.0 EiB) exceeds system memory 3.8 GiB, using system memory
I220119 08:33:46.942732 1 cli/start.go:1205  ZNBaseDB OSS 4cd474b8 (x86_64-linux-gnu, built 2022/01/19 07:14:44, go1.14)
I220119 08:33:46.955928 1 server/status/recorder.go:610  available memory from cgroups (8.0 EiB) exceeds system memory 3.8 GiB, using system memory
I220119 08:33:46.955953 1 server/config.go:400  system total memory: 3.8 GiB
I220119 08:33:46.955983 1 server/config.go:402  server configuration:
max offset             500000000
cache size             128 MiB
SQL memory pool size   128 MiB
scan interval          10m0s
scan min idle time     10ms
scan max idle time     1s
event log enabled      true
I220119 08:33:46.955994 1 cli/start.go:1045  using local environment variables: ZNBASE_BACKGROUND_RESTART=1, GODEBUG=cgocheck=0
I220119 08:33:46.956002 1 cli/start.go:1052  process identity: uid 1000 euid 1000 gid 1000 egid 1000
I220119 08:33:46.956009 1 cli/start.go:676  starting znbase node
I220119 08:33:46.957510 23 storage/engine/rocksdb.go:721  opening rocksdb instance at "/home/yangjx/go/src/github.com/znbasedb/znbase/node3/znbase-temp762901133"
I220119 08:33:46.965885 23 storage/engine/rocksdb.go:721  opening rocksdb instance at "/home/yangjx/go/src/github.com/znbasedb/znbase/node3/znbase-cursor-temp020241032"
I220119 08:33:46.986525 23 server/server.go:1008  [n?] monitoring forward clock jumps based on server.clock.forward_jump_check_enabled
W220119 08:33:46.988398 23 server/config_unix.go:92  soft open file descriptor limit 4096 is under the recommended limit 15000; this may decrease performance
please see official docs about version 4cd474b8 for more details
I220119 08:33:46.988449 23 storage/engine/rocksdb.go:721  opening rocksdb instance at "/home/yangjx/go/src/github.com/znbasedb/znbase/node3"
I220119 08:33:47.905513 23 server/config.go:509  [n?] 1 storage engine initialized
I220119 08:33:47.905525 23 server/config.go:512  [n?] rocksdb cache size: 128 MiB
I220119 08:33:47.905530 23 server/config.go:512  [n?] store 0: rocksdb, max size 0 B, max open file limit 3840
W220119 08:33:47.912649 23 gossip/gossip.go:1508  [n?] no incoming or outgoing connections
I220119 08:33:47.913891 23 gossip/gossip.go:397  [n3] NodeDescriptor set to node_id:3 address:<network_field:"tcp" address_field:"ubuntu:23458" > attrs:<> locality:<> ServerVersion:<major_val:19 minor_val:1 patch:0 unstable:10 > build_tag:"4cd474b8" started_at:1642581227913721035 location_name:<> 
I220119 08:33:47.915186 27 gossip/gossip.go:920  [n3] MaxPeers Recomputed as 3
I220119 08:33:47.916347 58 gossip/server.go:233  [n3] received initial cluster-verification connection from ubuntu:23456
I220119 08:33:47.916574 14 gossip/client.go:128  [n3] started gossip client to ubuntu:23456
I220119 08:33:47.916689 58 gossip/server.go:233  [n3] received initial cluster-verification connection from ubuntu:23456
I220119 08:33:47.916720 27 gossip/gossip.go:920  [n3] MaxPeers Recomputed as 3
I220119 08:33:47.919783 58 gossip/server.go:233  [n3] received initial cluster-verification connection from ubuntu:23456
W220119 08:33:47.940968 23 storage/replica_range_lease.go:506  can't determine lease status due to node liveness error: node not in the liveness table
W220119 08:33:47.941144 173 storage/store.go:1580  [n3,s3,r6/3:/Table/{SystemCon…-11}] could not gossip system config: [NotLeaseHolderError] r6: replica (n3,s3):3 not lease holder; lease holder unknown
I220119 08:33:47.941168 105 vendor/github.com/znbasedb/circuitbreaker/circuitbreaker.go:322  [n3] circuitbreaker: rpc [::]:23458 [n1] tripped: failed to resolve n1: unable to look up descriptor for n1
I220119 08:33:47.941188 105 vendor/github.com/znbasedb/circuitbreaker/circuitbreaker.go:447  [n3] circuitbreaker: rpc [::]:23458 [n1] event: BreakerTripped
I220119 08:33:47.944487 23 server/node.go:457  [n3] initialized store [n3,s3]: disk (capacity=78 GiB, available=35 GiB, used=29 MiB, logicalBytes=73 MiB), ranges=107, leases=0, queries=0.00, writes=0.00, bytesPerReplica={p10=0.00 p25=35172.00 p50=524279.00 p75=524293.00 p90=524301.00 pMax=35596548.00}, writesPerReplica={p10=0.00 p25=0.00 p50=0.00 p75=0.00 p90=0.00 pMax=0.00}
I220119 08:33:47.944604 23 storage/stores.go:238  [n3] read 2 node addresses from persistent storage
I220119 08:33:47.945169 23 server/node.go:695  [n3] connecting to gossip network to verify cluster ID...
I220119 08:33:47.945188 23 server/node.go:715  [n3] node connected via gossip and verified as part of cluster "3bbb8c74-c606-434f-b2eb-5e4523c470ba"
I220119 08:33:47.945227 23 server/node.go:538  [n3] node=3: started with [<no-attributes>=/home/yangjx/go/src/github.com/znbasedb/znbase/node3] engine(s) and attributes []
I220119 08:33:47.946458 23 server/status/recorder.go:610  [n3] available memory from cgroups (8.0 EiB) exceeds system memory 3.8 GiB, using system memory
I220119 08:33:47.946590 23 server/server.go:1730  [n3] starting http server at [::]:8002 (use: ubuntu:8002)
I220119 08:33:47.946601 23 server/server.go:1732  [n3] starting grpc/postgres server at [::]:23458
I220119 08:33:47.946613 23 server/server.go:1733  [n3] advertising ZNBaseDB node at ubuntu:23458
W220119 08:33:47.946632 23 jobs/registry.go:440  [n3] unable to get node liveness: node not in the liveness table
I220119 08:33:47.947768 58 gossip/server.go:233  [n3] received initial cluster-verification connection from ubuntu:23456
W220119 08:33:47.994290 173 storage/store.go:1580  [n3,s3,r6/3:/Table/{SystemCon…-11}] could not gossip system config: [NotLeaseHolderError] r6: replica (n3,s3):3 not lease holder; lease holder unknown
W220119 08:33:48.090605 173 storage/store.go:1580  [n3,s3,r6/3:/Table/{SystemCon…-11}] could not gossip system config: [NotLeaseHolderError] r6: replica (n3,s3):3 not lease holder; lease holder unknown
W220119 08:33:48.320953 173 storage/store.go:1580  [n3,s3,r6/3:/Table/{SystemCon…-11}] could not gossip system config: [NotLeaseHolderError] r6: replica (n3,s3):3 not lease holder; lease holder unknown
I220119 08:33:48.546962 58 gossip/server.go:233  [n3] received initial cluster-verification connection from ubuntu:23456
W220119 08:33:48.711294 173 storage/store.go:1580  [n3,s3,r6/3:/Table/{SystemCon…-11}] could not gossip system config: [NotLeaseHolderError] r6: replica (n3,s3):3 not lease holder; lease holder unknown
I220119 08:33:48.914712 223 gossip/client.go:128  [n3] started gossip client to ubuntu:23457
I220119 08:33:48.916045 223 gossip/client.go:133  [n3] closing client to n2 (ubuntu:23457): stopping outgoing client to n2 (ubuntu:23457); already have incoming
I220119 08:33:49.140743 311 vendor/github.com/znbasedb/circuitbreaker/circuitbreaker.go:322  [n3] circuitbreaker: rpc [::]:23458 [n1] tripped: failed to resolve n1: unable to look up descriptor for n1
I220119 08:33:49.140766 311 vendor/github.com/znbasedb/circuitbreaker/circuitbreaker.go:447  [n3] circuitbreaker: rpc [::]:23458 [n1] event: BreakerTripped
I220119 08:33:49.330721 58 gossip/server.go:233  [n3] received initial cluster-verification connection from ubuntu:23456
I220119 08:33:49.368055 58 gossip/server.go:233  [n3] received initial cluster-verification connection from ubuntu:23456
W220119 08:33:49.369373 174 storage/store.go:1580  [n3,s3,r2/3:/System/NodeLiveness{-Max}] could not gossip node liveness: [NotLeaseHolderError] r2: replica (n3,s3):3 not lease holder; lease holder unknown
I220119 08:33:49.370176 58 gossip/server.go:233  [n3] received initial cluster-verification connection from ubuntu:23456
I220119 08:33:49.372710 58 gossip/server.go:233  [n3] received initial cluster-verification connection from ubuntu:23456
I220119 08:33:49.373224 58 gossip/server.go:233  [n3] received initial cluster-verification connection from ubuntu:23456
I220119 08:33:49.546456 58 gossip/server.go:233  [n3] received initial cluster-verification connection from ubuntu:23456
I220119 08:33:49.915441 322 gossip/client.go:128  [n3] started gossip client to ubuntu:23457
I220119 08:33:49.915914 322 gossip/client.go:133  [n3] closing client to n2 (ubuntu:23457): stopping outgoing client to n2 (ubuntu:23457); already have incoming
I220119 08:33:50.547189 58 gossip/server.go:233  [n3] received initial cluster-verification connection from ubuntu:23456
I220119 08:33:50.916093 348 gossip/client.go:128  [n3] started gossip client to ubuntu:23457
I220119 08:33:50.917313 348 gossip/client.go:133  [n3] closing client to n2 (ubuntu:23457): stopping outgoing client to n2 (ubuntu:23457); already have incoming
I220119 08:33:51.200733 58 gossip/server.go:233  [n3] received initial cluster-verification connection from ubuntu:23456
I220119 08:33:51.285855 58 gossip/server.go:233  [n3] received initial cluster-verification connection from ubuntu:23456
I220119 08:33:51.331423 58 gossip/server.go:233  [n3] received initial cluster-verification connection from ubuntu:23456
I220119 08:33:51.411056 58 gossip/server.go:233  [n3] received initial cluster-verification connection from ubuntu:23456
W220119 08:33:51.488383 187 storage/node_liveness.go:523  [n3,hb] slow heartbeat took 3.5s
I220119 08:33:51.488417 187 storage/node_liveness.go:453  [n3,hb] heartbeat failed on epoch increment; retrying
I220119 08:33:51.491710 58 gossip/server.go:233  [n3] received initial cluster-verification connection from ubuntu:23456
W220119 08:33:51.492027 317 storage/node_liveness.go:523  [n3,s3,r6/3:/Table/{SystemCon…-11}] slow heartbeat took 1.9s
I220119 08:33:51.497015 23 server/server.go:1802  [n3] done ensuring all necessary migrations have run
I220119 08:33:51.497045 23 server/server.go:1805  [n3] serving sql connections
I220119 08:33:51.497599 23 cli/start.go:813  [config] clusterID: 3bbb8c74-c606-434f-b2eb-5e4523c470ba
I220119 08:33:51.497644 23 cli/start.go:821  node startup completed:
ZNBaseDB node starting at 2022-01-19 08:33:51.497368994 +0000 UTC (took 4.6s)
build:               OSS 4cd474b8 @ 2022/01/19 07:14:44 (go1.14)
webui:               http://ubuntu:8002
sql:                 postgresql://root@ubuntu:23458?sslmode=disable
client flags:        ./znbase <client cmd> --host=ubuntu:23458 --insecure
logs:                /home/yangjx/go/src/github.com/znbasedb/znbase/node3/logs
temp dir:            /home/yangjx/go/src/github.com/znbasedb/znbase/node3/znbase-temp762901133
external I/O path:   /home/yangjx/go/src/github.com/znbasedb/znbase/node3/extern
store[0]:            path=/home/yangjx/go/src/github.com/znbasedb/znbase/node3,state=ENABLE
storage engine:      rocksdb
status:              restarted pre-existing node
clusterID:           3bbb8c74-c606-434f-b2eb-5e4523c470ba
nodeID:              3
I220119 08:33:51.498474 395 security/audit/server/audit_server.go:125  [n3] refresh audit server settings
I220119 08:33:51.498509 399 security/audit/task/runner.go:216  [n3] audit_server_84ff1e21-7902-11ec-b436-000c29793ffc monitor workers every 5 seconds
I220119 08:33:51.498783 398 security/audit/task/runner.go:284  [n3] audit_server_84ff1e21-7902-11ec-b436-000c29793ffc init, min:3, max:30
I220119 08:33:51.545630 58 gossip/server.go:233  [n3] received initial cluster-verification connection from ubuntu:23456
I220119 08:33:51.573883 58 gossip/server.go:233  [n3] received initial cluster-verification connection from ubuntu:23456
I220119 08:33:51.576950 58 gossip/server.go:233  [n3] received initial cluster-verification connection from ubuntu:23456
I220119 08:33:51.736894 58 gossip/server.go:233  [n3] received initial cluster-verification connection from ubuntu:23456
I220119 08:33:51.859736 27 gossip/gossip.go:920  [n3] MaxPeers Recomputed as 3
I220119 08:33:51.859823 27 storage/stores.go:257  [n3] wrote 2 node addresses to persistent storage
I220119 08:33:52.036044 96 gossip/gossip.go:1522  [n3] node has connected to cluster via gossip
I220119 08:33:52.036239 96 storage/stores.go:257  [n3] wrote 2 node addresses to persistent storage
I220119 08:33:55.023879 389 server/server_update.go:64  [n3] failed attempt to upgrade cluster version, error: node 1 not running (DEAD), cannot determine version
I220119 08:33:55.054674 402 sql/event_log.go:235  [n3] Event: "node_restart", target: 3, info: nodeID:3, lastUp:1642580630884649008, ClusterID:3bbb8c74-c606-434f-b2eb-5e4523c470ba
I220119 08:33:55.926778 389 server/server_update.go:64  [n3] failed attempt to upgrade cluster version, error: node 1 not running (DEAD), cannot determine version
I220119 08:33:57.948800 214 server/status/runtime.go:500  [n3] runtime stats: 209 MiB RSS, 222 goroutines, 114 MiB/360 KiB/128 MiB GO alloc/idle/total, 16 MiB/22 MiB CGO alloc/total, 0.0 CGO/sec, 0.0/0.0 %(u/s)time, 0.0 %gc (7x), 689 KiB/689 KiB (r/w)net
I220119 08:33:58.068306 389 server/server_update.go:64  [n3] failed attempt to upgrade cluster version, error: node 1 not running (DEAD), cannot determine version
I220119 08:34:01.499324 395 security/audit/server/audit_server.go:125  [n3] refresh audit server settings
W220119 08:34:01.515949 216 server/node.go:876  [n3,summaries] health alerts detected: {Alerts:[{StoreID:0 Category:METRICS Description:liveness.heartbeatfailures Value:1} {StoreID:3 Category:METRICS Description:ranges.underreplicated Value:14}]}
I220119 08:34:02.575873 389 server/server_update.go:64  [n3] failed attempt to upgrade cluster version, error: node 1 not running (DEAD), cannot determine version
I220119 08:34:07.947168 64 storage/store.go:4034  [n3,s3] sstables (read amplification = 1):
6 [ 18M 3 ]: 15M 2M 1M
I220119 08:34:07.947257 64 storage/store.go:4035  [n3,s3] 
** Compaction Stats [default] **
Level    Files   Size     Score Read(GB)  Rn(GB) Rnp1(GB) Write(GB) Wnew(GB) Moved(GB) W-Amp Rd(MB/s) Wr(MB/s) Comp(sec) CompMergeCPU(sec) Comp(cnt) Avg(sec) KeyIn KeyDrop
----------------------------------------------------------------------------------------------------------------------------------------------------------------------------
  L0      0/0    0.00 KB   0.0      0.0     0.0      0.0       0.0      0.0       0.0   1.0      0.0      1.4      0.35              0.00         1    0.345       0      0
  L6      3/0   18.25 MB   0.0      0.0     0.0      0.0       0.0      0.0       0.0   1.6     24.5     19.8      0.07              0.06         1    0.068     36K    11K
 Sum      3/0   18.25 MB   0.0      0.0     0.0      0.0       0.0      0.0       0.0   3.9      4.0      4.4      0.41              0.06         2    0.206     36K    11K
 Int      0/0    0.00 KB   0.0      0.0     0.0      0.0       0.0      0.0       0.0   3.9      4.0      4.4      0.41              0.06         2    0.206     36K    11K

** Compaction Stats [default] **
Priority    Files   Size     Score Read(GB)  Rn(GB) Rnp1(GB) Write(GB) Wnew(GB) Moved(GB) W-Amp Rd(MB/s) Wr(MB/s) Comp(sec) CompMergeCPU(sec) Comp(cnt) Avg(sec) KeyIn KeyDrop
-------------------------------------------------------------------------------------------------------------------------------------------------------------------------------
 Low      0/0    0.00 KB   0.0      0.0     0.0      0.0       0.0      0.0       0.0   0.0     24.5     19.8      0.07              0.06         1    0.068     36K    11K
User      0/0    0.00 KB   0.0      0.0     0.0      0.0       0.0      0.0       0.0   0.0      0.0      1.4      0.35              0.00         1    0.345       0      0
Uptime(secs): 21.0 total, 21.0 interval
Flush(GB): cumulative 0.000, interval 0.000
AddFile(GB): cumulative 0.000, interval 0.000
AddFile(Total Files): cumulative 0, interval 0
AddFile(L0 Files): cumulative 0, interval 0
AddFile(Keys): cumulative 0, interval 0
Cumulative compaction: 0.00 GB write, 0.09 MB/s write, 0.00 GB read, 0.08 MB/s read, 0.4 seconds
Interval compaction: 0.00 GB write, 0.09 MB/s write, 0.00 GB read, 0.08 MB/s read, 0.4 seconds
Stalls(count): 0 level0_slowdown, 0 level0_slowdown_with_compaction, 0 level0_numfiles, 0 level0_numfiles_with_compaction, 0 stop for pending_compaction_bytes, 0 slowdown for pending_compaction_bytes, 0 memtable_compaction, 0 memtable_slowdown, interval 0 total count
I220119 08:34:07.950412 214 server/status/runtime.go:500  [n3] runtime stats: 227 MiB RSS, 214 goroutines, 135 MiB/432 KiB/152 MiB GO alloc/idle/total, 16 MiB/23 MiB CGO alloc/total, 65.1 CGO/sec, 1.9/3.6 %(u/s)time, 0.0 %gc (0x), 401 KiB/401 KiB (r/w)net
I220119 08:34:10.986943 389 server/server_update.go:64  [n3] failed attempt to upgrade cluster version, error: node 1 not running (DEAD), cannot determine version
I220119 08:34:11.500163 395 security/audit/server/audit_server.go:125  [n3] refresh audit server settings
W220119 08:34:11.520949 216 server/node.go:876  [n3,summaries] health alerts detected: {Alerts:[{StoreID:3 Category:METRICS Description:ranges.underreplicated Value:14}]}
I220119 08:34:17.952156 214 server/status/runtime.go:500  [n3] runtime stats: 240 MiB RSS, 216 goroutines, 98 MiB/46 MiB/166 MiB GO alloc/idle/total, 17 MiB/23 MiB CGO alloc/total, 57.3 CGO/sec, 0.6/2.0 %(u/s)time, 0.0 %gc (1x), 329 KiB/329 KiB (r/w)net
I220119 08:34:21.500269 395 security/audit/server/audit_server.go:125  [n3] refresh audit server settings
W220119 08:34:21.522425 216 server/node.go:876  [n3,summaries] health alerts detected: {Alerts:[{StoreID:3 Category:METRICS Description:ranges.underreplicated Value:14}]}
I220119 08:34:27.954521 214 server/status/runtime.go:500  [n3] runtime stats: 245 MiB RSS, 215 goroutines, 117 MiB/30 MiB/166 MiB GO alloc/idle/total, 17 MiB/24 MiB CGO alloc/total, 50.5 CGO/sec, 0.6/2.2 %(u/s)time, 0.0 %gc (0x), 302 KiB/302 KiB (r/w)net
I220119 08:34:29.404897 389 server/server_update.go:64  [n3] failed attempt to upgrade cluster version, error: node 1 not running (DEAD), cannot determine version
I220119 08:34:31.500749 395 security/audit/server/audit_server.go:125  [n3] refresh audit server settings
W220119 08:34:31.516978 216 server/node.go:876  [n3,summaries] health alerts detected: {Alerts:[{StoreID:3 Category:METRICS Description:ranges.underreplicated Value:14}]}
I220119 08:34:37.956136 214 server/status/runtime.go:500  [n3] runtime stats: 250 MiB RSS, 215 goroutines, 137 MiB/11 MiB/166 MiB GO alloc/idle/total, 17 MiB/24 MiB CGO alloc/total, 56.3 CGO/sec, 0.9/1.5 %(u/s)time, 0.0 %gc (0x), 295 KiB/295 KiB (r/w)net
I220119 08:34:41.501661 395 security/audit/server/audit_server.go:125  [n3] refresh audit server settings
W220119 08:34:41.523534 216 server/node.go:876  [n3,summaries] health alerts detected: {Alerts:[{StoreID:3 Category:METRICS Description:ranges.underreplicated Value:14}]}
I220119 08:34:47.945797 65 gossip/gossip.go:562  [n3] gossip status (ok, 3 nodes)
gossip client (1/3 cur/max conns)
  4: ubuntu:23456 (1m0s: infos 248/158 sent/received, bytes 80274B/72514B sent/received)
gossip server (1/3 cur/max conns, infos 451/357 sent/received, bytes 116219B/148237B sent/received)
  2: ubuntu:23457 (1m0s)
gossip connectivity
  n3 [sentinel];
  n2 -> n3; n2 -> n4; n3 -> n4;
I220119 08:34:47.959082 214 server/status/runtime.go:500  [n3] runtime stats: 260 MiB RSS, 216 goroutines, 157 MiB/152 KiB/174 MiB GO alloc/idle/total, 17 MiB/24 MiB CGO alloc/total, 47.6 CGO/sec, 1.7/1.6 %(u/s)time, 0.0 %gc (0x), 250 KiB/250 KiB (r/w)net
I220119 08:34:51.501907 395 security/audit/server/audit_server.go:125  [n3] refresh audit server settings
W220119 08:34:51.522779 216 server/node.go:876  [n3,summaries] health alerts detected: {Alerts:[{StoreID:3 Category:METRICS Description:ranges.underreplicated Value:14}]}
I220119 08:34:55.823557 389 server/server_update.go:64  [n3] failed attempt to upgrade cluster version, error: node 1 not running (DEAD), cannot determine version
I220119 08:34:57.961232 214 server/status/runtime.go:500  [n3] runtime stats: 274 MiB RSS, 214 goroutines, 100 MiB/70 MiB/192 MiB GO alloc/idle/total, 17 MiB/24 MiB CGO alloc/total, 41.6 CGO/sec, 1.3/2.2 %(u/s)time, 0.0 %gc (1x), 398 KiB/398 KiB (r/w)net
I220119 08:35:01.502709 395 security/audit/server/audit_server.go:125  [n3] refresh audit server settings
W220119 08:35:01.519310 216 server/node.go:876  [n3,summaries] health alerts detected: {Alerts:[{StoreID:3 Category:METRICS Description:ranges.underreplicated Value:14}]}
I220119 08:35:07.962841 214 server/status/runtime.go:500  [n3] runtime stats: 275 MiB RSS, 214 goroutines, 119 MiB/53 MiB/192 MiB GO alloc/idle/total, 17 MiB/24 MiB CGO alloc/total, 37.9 CGO/sec, 0.7/2.0 %(u/s)time, 0.0 %gc (0x), 268 KiB/268 KiB (r/w)net
I220119 08:35:11.503061 395 security/audit/server/audit_server.go:125  [n3] refresh audit server settings
W220119 08:35:11.521185 216 server/node.go:876  [n3,summaries] health alerts detected: {Alerts:[{StoreID:3 Category:METRICS Description:ranges.underreplicated Value:14}]}
I220119 08:35:17.964280 214 server/status/runtime.go:500  [n3] runtime stats: 276 MiB RSS, 214 goroutines, 139 MiB/34 MiB/192 MiB GO alloc/idle/total, 17 MiB/24 MiB CGO alloc/total, 48.1 CGO/sec, 0.7/1.6 %(u/s)time, 0.0 %gc (0x), 248 KiB/248 KiB (r/w)net
I220119 08:35:21.503710 395 security/audit/server/audit_server.go:125  [n3] refresh audit server settings
W220119 08:35:21.526058 216 server/node.go:876  [n3,summaries] health alerts detected: {Alerts:[{StoreID:3 Category:METRICS Description:ranges.underreplicated Value:14}]}
I220119 08:35:24.482144 389 server/server_update.go:64  [n3] failed attempt to upgrade cluster version, error: node 1 not running (DEAD), cannot determine version
I220119 08:35:27.967562 214 server/status/runtime.go:500  [n3] runtime stats: 281 MiB RSS, 215 goroutines, 161 MiB/14 MiB/192 MiB GO alloc/idle/total, 17 MiB/24 MiB CGO alloc/total, 28.4 CGO/sec, 1.0/1.4 %(u/s)time, 0.0 %gc (0x), 292 KiB/292 KiB (r/w)net
I220119 08:35:31.503972 395 security/audit/server/audit_server.go:125  [n3] refresh audit server settings
W220119 08:35:31.517555 216 server/node.go:876  [n3,summaries] health alerts detected: {Alerts:[{StoreID:3 Category:METRICS Description:ranges.underreplicated Value:14}]}
I220119 08:35:37.970317 214 server/status/runtime.go:500  [n3] runtime stats: 286 MiB RSS, 215 goroutines, 97 MiB/73 MiB/194 MiB GO alloc/idle/total, 25 MiB/32 MiB CGO alloc/total, 34.5 CGO/sec, 1.0/1.3 %(u/s)time, 0.0 %gc (1x), 262 KiB/261 KiB (r/w)net
I220119 08:35:41.505409 395 security/audit/server/audit_server.go:125  [n3] refresh audit server settings
W220119 08:35:41.518116 216 server/node.go:876  [n3,summaries] health alerts detected: {Alerts:[{StoreID:3 Category:METRICS Description:ranges.underreplicated Value:14}]}
I220119 08:35:47.945532 65 gossip/gossip.go:562  [n3] gossip status (ok, 3 nodes)
gossip client (1/3 cur/max conns)
  4: ubuntu:23456 (2m0s: infos 448/280 sent/received, bytes 108413B/95491B sent/received)
gossip server (1/3 cur/max conns, infos 802/610 sent/received, bytes 167618B/191762B sent/received)
  2: ubuntu:23457 (2m0s)
I220119 08:35:47.973245 214 server/status/runtime.go:500  [n3] runtime stats: 287 MiB RSS, 215 goroutines, 117 MiB/56 MiB/194 MiB GO alloc/idle/total, 25 MiB/33 MiB CGO alloc/total, 33.5 CGO/sec, 0.9/1.5 %(u/s)time, 0.0 %gc (0x), 227 KiB/227 KiB (r/w)net
I220119 08:35:51.505957 395 security/audit/server/audit_server.go:125  [n3] refresh audit server settings
W220119 08:35:51.517164 216 server/node.go:876  [n3,summaries] health alerts detected: {Alerts:[{StoreID:3 Category:METRICS Description:ranges.underreplicated Value:14}]}
I220119 08:35:56.494783 389 server/server_update.go:64  [n3] failed attempt to upgrade cluster version, error: node 1 not running (DEAD), cannot determine version
I220119 08:35:57.976009 214 server/status/runtime.go:500  [n3] runtime stats: 288 MiB RSS, 214 goroutines, 138 MiB/37 MiB/194 MiB GO alloc/idle/total, 25 MiB/33 MiB CGO alloc/total, 33.2 CGO/sec, 1.2/1.7 %(u/s)time, 0.0 %gc (0x), 295 KiB/295 KiB (r/w)net
I220119 08:36:01.506656 395 security/audit/server/audit_server.go:125  [n3] refresh audit server settings
W220119 08:36:01.517578 216 server/node.go:876  [n3,summaries] health alerts detected: {Alerts:[{StoreID:3 Category:METRICS Description:ranges.underreplicated Value:14}]}
I220119 08:36:07.979258 214 server/status/runtime.go:500  [n3] runtime stats: 289 MiB RSS, 214 goroutines, 157 MiB/18 MiB/194 MiB GO alloc/idle/total, 25 MiB/33 MiB CGO alloc/total, 36.6 CGO/sec, 1.2/1.5 %(u/s)time, 0.0 %gc (0x), 268 KiB/268 KiB (r/w)net
