I220119 08:42:17.658667 1 util/log/clog.go:1194  [config] file created at: 2022/01/19 08:42:17
I220119 08:42:17.658667 1 util/log/clog.go:1194  [config] running on machine: ubuntu
I220119 08:42:17.658667 1 util/log/clog.go:1194  [config] binary: ZNBaseDB OSS 4cd474b8 (x86_64-linux-gnu, built 2022/01/19 07:14:44, go1.14)
I220119 08:42:17.658667 1 util/log/clog.go:1194  [config] arguments: [./znbase start --insecure --store=./node1 --listen-addr=:23456 --http-addr=:8000 --join=:23456,:23457,:23458]
I220119 08:42:17.658667 1 util/log/clog.go:1194  line format: [IWEF]yymmdd hh:mm:ss.uuuuuu goid file:line msg utf8=✓
I220119 08:42:17.658666 1 cli/start.go:1156  logging to directory /home/yangjx/go/src/github.com/znbasedb/znbase/node1/logs
W220119 08:42:17.658900 1 cli/start.go:1191  RUNNING IN INSECURE MODE!

- Your cluster is open for any client that can access <all your IP addresses>.
- Any user, even root, can log in without providing a password.
- Any user, connecting as root, can read or write any data in your cluster.
- There is no network encryption nor authentication, and thus no confidentiality.

Check out how to secure your cluster: official docs about version 4cd474b8
I220119 08:42:17.659057 1 server/status/recorder.go:610  available memory from cgroups (8.0 EiB) exceeds system memory 3.8 GiB, using system memory
W220119 08:42:17.659109 1 cli/start.go:1067  Using the default setting for --cache (128 MiB).
  A significantly larger value is usually needed for good performance.
  If you have a dedicated server a reasonable setting is --cache=.25 (976 MiB).
I220119 08:42:17.659272 1 server/status/recorder.go:610  available memory from cgroups (8.0 EiB) exceeds system memory 3.8 GiB, using system memory
W220119 08:42:17.659285 1 cli/start.go:1080  Using the default setting for --max-sql-memory (128 MiB).
  A significantly larger value is usually needed in production.
  If you have a dedicated server a reasonable setting is --max-sql-memory=.25 (976 MiB).
I220119 08:42:17.659366 1 server/status/recorder.go:610  available memory from cgroups (8.0 EiB) exceeds system memory 3.8 GiB, using system memory
I220119 08:42:17.659377 1 cli/start.go:1205  ZNBaseDB OSS 4cd474b8 (x86_64-linux-gnu, built 2022/01/19 07:14:44, go1.14)
W220119 08:42:17.671655 1 storage/engine/temp_dir.go:107  could not locate previous temporary directory /home/yangjx/go/src/github.com/znbasedb/znbase/node1/znbase-cursor-temp929803348, might require manual cleanup, or might have already been cleaned up.
I220119 08:42:17.672043 1 server/status/recorder.go:610  available memory from cgroups (8.0 EiB) exceeds system memory 3.8 GiB, using system memory
I220119 08:42:17.672062 1 server/config.go:400  system total memory: 3.8 GiB
I220119 08:42:17.672111 1 server/config.go:402  server configuration:
max offset             500000000
cache size             128 MiB
SQL memory pool size   128 MiB
scan interval          10m0s
scan min idle time     10ms
scan max idle time     1s
event log enabled      true
I220119 08:42:17.672125 1 cli/start.go:1045  using local environment variables: GODEBUG=cgocheck=0
I220119 08:42:17.672134 1 cli/start.go:1052  process identity: uid 1000 euid 1000 gid 1000 egid 1000
I220119 08:42:17.672147 1 cli/start.go:676  starting znbase node
I220119 08:42:17.673292 9 storage/engine/rocksdb.go:721  opening rocksdb instance at "/home/yangjx/go/src/github.com/znbasedb/znbase/node1/znbase-temp335352477"
I220119 08:42:17.682746 9 storage/engine/rocksdb.go:721  opening rocksdb instance at "/home/yangjx/go/src/github.com/znbasedb/znbase/node1/znbase-cursor-temp250124632"
I220119 08:42:17.707350 9 server/server.go:1008  [n?] monitoring forward clock jumps based on server.clock.forward_jump_check_enabled
E220119 08:42:17.708808 1 cli/error.go:356  znbase server exited with error: consider changing the port via --listen-addr: listen tcp :23456: bind: address already in use
Error: znbase server exited with error: consider changing the port via --listen-addr: listen tcp :23456: bind: address already in use
