I220119 11:30:39.041971 1 util/log/clog.go:1194  [config] file created at: 2022/01/19 11:30:39
I220119 11:30:39.041971 1 util/log/clog.go:1194  [config] running on machine: ubuntu
I220119 11:30:39.041971 1 util/log/clog.go:1194  [config] binary: ZNBaseDB OSS a077da02 (x86_64-linux-gnu, built 2022/01/19 11:08:07, go1.14)
I220119 11:30:39.041971 1 util/log/clog.go:1194  [config] arguments: [./znbase start --insecure --store=./node1 --listen-addr=:23456 --http-addr=:8000 --join=:23456,:23457,:23458]
I220119 11:30:39.041971 1 util/log/clog.go:1194  line format: [IWEF]yymmdd hh:mm:ss.uuuuuu goid file:line msg utf8=✓
I220119 11:30:39.041970 1 cli/start.go:1156  logging to directory /home/yangjx/go/src/github.com/znbasedb/znbase/node1/logs
W220119 11:30:39.042357 1 cli/start.go:1191  RUNNING IN INSECURE MODE!

- Your cluster is open for any client that can access <all your IP addresses>.
- Any user, even root, can log in without providing a password.
- Any user, connecting as root, can read or write any data in your cluster.
- There is no network encryption nor authentication, and thus no confidentiality.

Check out how to secure your cluster: official docs about version a077da02
I220119 11:30:39.042585 1 server/status/recorder.go:610  available memory from cgroups (8.0 EiB) exceeds system memory 3.8 GiB, using system memory
W220119 11:30:39.042639 1 cli/start.go:1067  Using the default setting for --cache (128 MiB).
  A significantly larger value is usually needed for good performance.
  If you have a dedicated server a reasonable setting is --cache=.25 (976 MiB).
I220119 11:30:39.042689 1 server/status/recorder.go:610  available memory from cgroups (8.0 EiB) exceeds system memory 3.8 GiB, using system memory
W220119 11:30:39.042698 1 cli/start.go:1080  Using the default setting for --max-sql-memory (128 MiB).
  A significantly larger value is usually needed in production.
  If you have a dedicated server a reasonable setting is --max-sql-memory=.25 (976 MiB).
I220119 11:30:39.042742 1 server/status/recorder.go:610  available memory from cgroups (8.0 EiB) exceeds system memory 3.8 GiB, using system memory
I220119 11:30:39.042752 1 cli/start.go:1205  ZNBaseDB OSS a077da02 (x86_64-linux-gnu, built 2022/01/19 11:08:07, go1.14)
I220119 11:30:39.054831 1 server/status/recorder.go:610  available memory from cgroups (8.0 EiB) exceeds system memory 3.8 GiB, using system memory
I220119 11:30:39.054849 1 server/config.go:400  system total memory: 3.8 GiB
I220119 11:30:39.054881 1 server/config.go:402  server configuration:
max offset             500000000
cache size             128 MiB
SQL memory pool size   128 MiB
scan interval          10m0s
scan min idle time     10ms
scan max idle time     1s
event log enabled      true
I220119 11:30:39.054894 1 cli/start.go:1045  using local environment variables: ZNBASE_BACKGROUND_RESTART=1, GODEBUG=cgocheck=0
I220119 11:30:39.054902 1 cli/start.go:1052  process identity: uid 1000 euid 1000 gid 1000 egid 1000
I220119 11:30:39.054913 1 cli/start.go:676  starting znbase node
I220119 11:30:39.056148 38 storage/engine/rocksdb.go:721  opening rocksdb instance at "/home/yangjx/go/src/github.com/znbasedb/znbase/node1/znbase-temp728079092"
I220119 11:30:39.065785 38 storage/engine/rocksdb.go:721  opening rocksdb instance at "/home/yangjx/go/src/github.com/znbasedb/znbase/node1/znbase-cursor-temp237570499"
I220119 11:30:39.080118 38 server/server.go:1008  [n?] monitoring forward clock jumps based on server.clock.forward_jump_check_enabled
W220119 11:30:39.080584 38 server/config_unix.go:92  soft open file descriptor limit 4096 is under the recommended limit 15000; this may decrease performance
please see official docs about version a077da02 for more details
I220119 11:30:39.080658 38 storage/engine/rocksdb.go:721  opening rocksdb instance at "/home/yangjx/go/src/github.com/znbasedb/znbase/node1"
I220119 11:30:39.464097 38 server/config.go:509  [n?] 1 storage engine initialized
I220119 11:30:39.464111 38 server/config.go:512  [n?] rocksdb cache size: 128 MiB
I220119 11:30:39.464115 38 server/config.go:512  [n?] store 0: rocksdb, max size 0 B, max open file limit 3840
W220119 11:30:39.465452 38 gossip/gossip.go:1508  [n?] no incoming or outgoing connections
I220119 11:30:39.466335 38 server/server.go:1058  [n?] Sleeping till wall time 1642591839466268976 to catches up to 1642591839580031097 to ensure monotonicity. Delta: 113.762121ms
I220119 11:30:39.470460 48 gossip/client.go:128  [n?] started gossip client to ubuntu:23457
I220119 11:30:39.473163 42 gossip/gossip.go:920  [n?] MaxPeers Recomputed as 3
I220119 11:30:39.473172 42 gossip/gossip.go:920  [n?] MaxPeers Recomputed as 3
I220119 11:30:39.473306 42 gossip/gossip.go:920  [n?] MaxPeers Recomputed as 3
I220119 11:30:39.581915 38 gossip/gossip.go:397  [n1] NodeDescriptor set to node_id:1 address:<network_field:"tcp" address_field:"ubuntu:23456" > attrs:<> locality:<> ServerVersion:<major_val:19 minor_val:1 patch:0 unstable:10 > build_tag:"a077da02" started_at:1642591839580952481 location_name:<> 
I220119 11:30:39.604109 38 server/node.go:457  [n1] initialized store [n1,s1]: disk (capacity=78 GiB, available=34 GiB, used=32 MiB, logicalBytes=71 MiB), ranges=107, leases=0, queries=0.00, writes=0.00, bytesPerReplica={p10=0.00 p25=35172.00 p50=524279.00 p75=524293.00 p90=524301.00 pMax=34346588.00}, writesPerReplica={p10=0.00 p25=0.00 p50=0.00 p75=0.00 p90=0.00 pMax=0.00}
I220119 11:30:39.604314 38 storage/stores.go:238  [n1] read 2 node addresses from persistent storage
I220119 11:30:39.604526 38 server/node.go:695  [n1] connecting to gossip network to verify cluster ID...
I220119 11:30:39.604543 38 server/node.go:715  [n1] node connected via gossip and verified as part of cluster "3bbb8c74-c606-434f-b2eb-5e4523c470ba"
I220119 11:30:39.604577 38 server/node.go:538  [n1] node=1: started with [<no-attributes>=/home/yangjx/go/src/github.com/znbasedb/znbase/node1] engine(s) and attributes []
I220119 11:30:39.604986 38 server/status/recorder.go:610  [n1] available memory from cgroups (8.0 EiB) exceeds system memory 3.8 GiB, using system memory
I220119 11:30:39.605063 38 server/server.go:1730  [n1] starting http server at [::]:8000 (use: ubuntu:8000)
I220119 11:30:39.605071 38 server/server.go:1732  [n1] starting grpc/postgres server at [::]:23456
I220119 11:30:39.605080 38 server/server.go:1733  [n1] advertising ZNBaseDB node at ubuntu:23456
I220119 11:30:40.414492 38 server/server.go:1802  [n1] done ensuring all necessary migrations have run
I220119 11:30:40.414506 38 server/server.go:1805  [n1] serving sql connections
I220119 11:30:40.415334 38 cli/start.go:813  [config] clusterID: 3bbb8c74-c606-434f-b2eb-5e4523c470ba
I220119 11:30:40.415363 38 cli/start.go:821  node startup completed:
ZNBaseDB node starting at 2022-01-19 11:30:40.415229258 +0000 UTC (took 1.4s)
build:               OSS a077da02 @ 2022/01/19 11:08:07 (go1.14)
webui:               http://ubuntu:8000
sql:                 postgresql://root@ubuntu:23456?sslmode=disable
client flags:        ./znbase <client cmd> --host=ubuntu:23456 --insecure
logs:                /home/yangjx/go/src/github.com/znbasedb/znbase/node1/logs
temp dir:            /home/yangjx/go/src/github.com/znbasedb/znbase/node1/znbase-temp728079092
external I/O path:   /home/yangjx/go/src/github.com/znbasedb/znbase/node1/extern
store[0]:            path=/home/yangjx/go/src/github.com/znbasedb/znbase/node1,state=ENABLE
storage engine:      rocksdb
status:              restarted pre-existing node
clusterID:           3bbb8c74-c606-434f-b2eb-5e4523c470ba
nodeID:              1
I220119 11:30:40.415435 519 security/audit/server/audit_server.go:125  [n1] refresh audit server settings
I220119 11:30:40.415455 505 security/audit/task/runner.go:216  [n1] audit_server_3a4c48bc-791b-11ec-afb3-000c29793ffc monitor workers every 5 seconds
I220119 11:30:40.415479 504 security/audit/task/runner.go:284  [n1] audit_server_3a4c48bc-791b-11ec-afb3-000c29793ffc init, min:3, max:30
I220119 11:30:40.450486 417 server/server_update.go:64  [n1] failed attempt to upgrade cluster version, error: node 4 not running (DEAD), cannot determine version
I220119 11:30:40.458647 548 sql/lease.go:2613  released orphaned table lease: {id:58 version:1 expiration:{Time:{wall:667829000 ext:63778188768 loc:<nil>}}}
I220119 11:30:40.458660 547 sql/lease.go:2613  released orphaned table lease: {id:57 version:1 expiration:{Time:{wall:446297000 ext:63778188760 loc:<nil>}}}
I220119 11:30:40.465809 524 sql/event_log.go:235  [n1] Event: "node_restart", target: 1, info: nodeID:1, lastUp:1642591695473877327, ClusterID:3bbb8c74-c606-434f-b2eb-5e4523c470ba
I220119 11:30:41.498521 417 server/server_update.go:64  [n1] failed attempt to upgrade cluster version, error: node 4 not running (DEAD), cannot determine version
I220119 11:30:41.614639 81 gossip/gossip.go:1522  [n1] node has connected to cluster via gossip
I220119 11:30:41.614797 81 storage/stores.go:257  [n1] wrote 2 node addresses to persistent storage
I220119 11:30:43.640740 417 server/server_update.go:64  [n1] failed attempt to upgrade cluster version, error: node 4 not running (DEAD), cannot determine version
I220119 11:30:47.398265 417 server/server_update.go:64  [n1] failed attempt to upgrade cluster version, error: node 4 not running (DEAD), cannot determine version
I220119 11:30:48.046170 522 sql/event_log.go:235  [n1] Event: "user_login", target: 1, info: User name:root  Client Info:127.0.0.1:37246  Login time:2022-01-19 11:30:48.021551563 +0000 UTC
I220119 11:30:48.055618 523 sql/event_log.go:235  [n1] Event: "set_var", target: 0, info: User name:root SHOW SYNTAX:SET sql_safe_updates = true
I220119 11:30:49.607685 201 server/status/runtime.go:500  [n1] runtime stats: 300 MiB RSS, 225 goroutines, 94 MiB/51 MiB/162 MiB GO alloc/idle/total, 16 MiB/22 MiB CGO alloc/total, 0.0 CGO/sec, 0.0/0.0 %(u/s)time, 0.0 %gc (8x), 1.3 MiB/1.3 MiB (r/w)net
I220119 11:30:50.417154 519 security/audit/server/audit_server.go:125  [n1] refresh audit server settings
I220119 11:30:55.960635 417 server/server_update.go:64  [n1] failed attempt to upgrade cluster version, error: node 4 not running (DEAD), cannot determine version
I220119 11:30:59.607562 196 storage/store.go:4034  [n1,s1] sstables (read amplification = 1):
6 [ 20M 3 ]: 15M 3M 2M
I220119 11:30:59.607689 196 storage/store.go:4035  [n1,s1] 
** Compaction Stats [default] **
Level    Files   Size     Score Read(GB)  Rn(GB) Rnp1(GB) Write(GB) Wnew(GB) Moved(GB) W-Amp Rd(MB/s) Wr(MB/s) Comp(sec) CompMergeCPU(sec) Comp(cnt) Avg(sec) KeyIn KeyDrop
----------------------------------------------------------------------------------------------------------------------------------------------------------------------------
  L0      0/0    0.00 KB   0.0      0.0     0.0      0.0       0.0      0.0       0.0   1.0      0.0     44.7      0.06              0.00         1    0.065       0      0
  L6      3/0   20.15 MB   0.0      0.0     0.0      0.0       0.0      0.0       0.0   1.1     84.4     46.1      0.07              0.07         1    0.071     44K    12K
 Sum      3/0   20.15 MB   0.0      0.0     0.0      0.0       0.0      0.0       0.0   2.1     44.0     45.4      0.14              0.07         2    0.068     44K    12K
 Int      0/0    0.00 KB   0.0      0.0     0.0      0.0       0.0      0.0       0.0   2.1     44.0     45.4      0.14              0.07         2    0.068     44K    12K

** Compaction Stats [default] **
Priority    Files   Size     Score Read(GB)  Rn(GB) Rnp1(GB) Write(GB) Wnew(GB) Moved(GB) W-Amp Rd(MB/s) Wr(MB/s) Comp(sec) CompMergeCPU(sec) Comp(cnt) Avg(sec) KeyIn KeyDrop
-------------------------------------------------------------------------------------------------------------------------------------------------------------------------------
 Low      0/0    0.00 KB   0.0      0.0     0.0      0.0       0.0      0.0       0.0   0.0     84.4     46.1      0.07              0.07         1    0.071     44K    12K
User      0/0    0.00 KB   0.0      0.0     0.0      0.0       0.0      0.0       0.0   0.0      0.0     44.7      0.06              0.00         1    0.065       0      0
Uptime(secs): 20.5 total, 20.5 interval
Flush(GB): cumulative 0.003, interval 0.003
AddFile(GB): cumulative 0.000, interval 0.000
AddFile(Total Files): cumulative 0, interval 0
AddFile(L0 Files): cumulative 0, interval 0
AddFile(Keys): cumulative 0, interval 0
Cumulative compaction: 0.01 GB write, 0.30 MB/s write, 0.01 GB read, 0.29 MB/s read, 0.1 seconds
Interval compaction: 0.01 GB write, 0.30 MB/s write, 0.01 GB read, 0.29 MB/s read, 0.1 seconds
Stalls(count): 0 level0_slowdown, 0 level0_slowdown_with_compaction, 0 level0_numfiles, 0 level0_numfiles_with_compaction, 0 stop for pending_compaction_bytes, 0 slowdown for pending_compaction_bytes, 0 memtable_compaction, 0 memtable_slowdown, interval 0 total count
I220119 11:30:59.611188 201 server/status/runtime.go:500  [n1] runtime stats: 325 MiB RSS, 225 goroutines, 119 MiB/77 MiB/221 MiB GO alloc/idle/total, 37 MiB/46 MiB CGO alloc/total, 219.9 CGO/sec, 13.1/5.5 %(u/s)time, 0.1 %gc (3x), 12 MiB/12 MiB (r/w)net
I220119 11:31:00.417467 519 security/audit/server/audit_server.go:125  [n1] refresh audit server settings
I220119 11:31:09.613463 201 server/status/runtime.go:500  [n1] runtime stats: 317 MiB RSS, 227 goroutines, 134 MiB/63 MiB/221 MiB GO alloc/idle/total, 37 MiB/46 MiB CGO alloc/total, 37.0 CGO/sec, 0.6/1.6 %(u/s)time, 0.0 %gc (0x), 372 KiB/374 KiB (r/w)net
I220119 11:31:10.417603 519 security/audit/server/audit_server.go:125  [n1] refresh audit server settings
I220119 11:31:11.592365 417 server/server_update.go:64  [n1] failed attempt to upgrade cluster version, error: node 4 not running (DEAD), cannot determine version
I220119 11:31:19.616075 201 server/status/runtime.go:500  [n1] runtime stats: 318 MiB RSS, 226 goroutines, 150 MiB/48 MiB/221 MiB GO alloc/idle/total, 37 MiB/46 MiB CGO alloc/total, 35.5 CGO/sec, 0.7/1.4 %(u/s)time, 0.0 %gc (0x), 400 KiB/400 KiB (r/w)net
I220119 11:31:20.425284 519 security/audit/server/audit_server.go:125  [n1] refresh audit server settings
I220119 11:31:29.618655 201 server/status/runtime.go:500  [n1] runtime stats: 318 MiB RSS, 226 goroutines, 165 MiB/33 MiB/221 MiB GO alloc/idle/total, 37 MiB/46 MiB CGO alloc/total, 38.2 CGO/sec, 0.3/1.8 %(u/s)time, 0.0 %gc (0x), 321 KiB/321 KiB (r/w)net
I220119 11:31:30.425445 519 security/audit/server/audit_server.go:125  [n1] refresh audit server settings
I220119 11:31:39.585118 417 server/server_update.go:64  [n1] failed attempt to upgrade cluster version, error: node 4 not running (DEAD), cannot determine version
I220119 11:31:39.605883 197 gossip/gossip.go:562  [n1] gossip status (ok, 3 nodes)
gossip client (1/3 cur/max conns)
  2: ubuntu:23457 (1m0s: infos 119/288 sent/received, bytes 30017B/87899B sent/received)
gossip server (0/3 cur/max conns, infos 119/288 sent/received, bytes 30017B/87899B sent/received)
gossip connectivity
  n2 [sentinel];
  n1 -> n2; n2 -> n3;
I220119 11:31:39.619877 201 server/status/runtime.go:500  [n1] runtime stats: 320 MiB RSS, 227 goroutines, 181 MiB/17 MiB/221 MiB GO alloc/idle/total, 37 MiB/47 MiB CGO alloc/total, 40.5 CGO/sec, 0.7/1.6 %(u/s)time, 0.0 %gc (0x), 418 KiB/418 KiB (r/w)net
I220119 11:31:40.425915 519 security/audit/server/audit_server.go:125  [n1] refresh audit server settings
I220119 11:31:49.621967 201 server/status/runtime.go:500  [n1] runtime stats: 305 MiB RSS, 225 goroutines, 99 MiB/83 MiB/208 MiB GO alloc/idle/total, 37 MiB/47 MiB CGO alloc/total, 36.7 CGO/sec, 0.8/2.5 %(u/s)time, 0.0 %gc (1x), 368 KiB/364 KiB (r/w)net
I220119 11:31:50.426297 519 security/audit/server/audit_server.go:125  [n1] refresh audit server settings
I220119 11:31:59.624846 201 server/status/runtime.go:500  [n1] runtime stats: 306 MiB RSS, 225 goroutines, 113 MiB/70 MiB/208 MiB GO alloc/idle/total, 37 MiB/47 MiB CGO alloc/total, 28.9 CGO/sec, 0.7/1.2 %(u/s)time, 0.0 %gc (0x), 322 KiB/322 KiB (r/w)net
I220119 11:32:00.426401 519 security/audit/server/audit_server.go:125  [n1] refresh audit server settings
I220119 11:32:05.438931 524 sql/event_log.go:235  [n1] Event: "user_logout", target: 1, info: User name:root  Client Info:127.0.0.1:37246  Logout time:2022-01-19 11:32:05.406773708 +0000 UTC
I220119 11:32:06.140994 417 server/server_update.go:64  [n1] failed attempt to upgrade cluster version, error: node 4 not running (DEAD), cannot determine version
I220119 11:32:09.626251 201 server/status/runtime.go:500  [n1] runtime stats: 306 MiB RSS, 223 goroutines, 130 MiB/56 MiB/208 MiB GO alloc/idle/total, 37 MiB/47 MiB CGO alloc/total, 44.8 CGO/sec, 0.6/1.8 %(u/s)time, 0.0 %gc (0x), 435 KiB/468 KiB (r/w)net
I220119 11:32:10.426570 519 security/audit/server/audit_server.go:125  [n1] refresh audit server settings
I220119 11:32:19.629135 201 server/status/runtime.go:500  [n1] runtime stats: 307 MiB RSS, 224 goroutines, 145 MiB/41 MiB/208 MiB GO alloc/idle/total, 37 MiB/47 MiB CGO alloc/total, 38.1 CGO/sec, 0.7/1.5 %(u/s)time, 0.0 %gc (0x), 376 KiB/408 KiB (r/w)net
I220119 11:32:20.427071 519 security/audit/server/audit_server.go:125  [n1] refresh audit server settings
I220119 11:32:29.631871 201 server/status/runtime.go:500  [n1] runtime stats: 308 MiB RSS, 224 goroutines, 160 MiB/27 MiB/208 MiB GO alloc/idle/total, 37 MiB/47 MiB CGO alloc/total, 37.6 CGO/sec, 0.8/1.3 %(u/s)time, 0.0 %gc (0x), 314 KiB/321 KiB (r/w)net
I220119 11:32:30.427379 519 security/audit/server/audit_server.go:125  [n1] refresh audit server settings
I220119 11:32:36.389373 417 server/server_update.go:64  [n1] failed attempt to upgrade cluster version, error: node 4 not running (DEAD), cannot determine version
I220119 11:32:39.605627 197 gossip/gossip.go:562  [n1] gossip status (ok, 3 nodes)
gossip client (1/3 cur/max conns)
  2: ubuntu:23457 (2m0s: infos 177/494 sent/received, bytes 39124B/114897B sent/received)
gossip server (0/3 cur/max conns, infos 177/494 sent/received, bytes 39124B/114897B sent/received)
I220119 11:32:39.634710 201 server/status/runtime.go:500  [n1] runtime stats: 309 MiB RSS, 224 goroutines, 93 MiB/91 MiB/208 MiB GO alloc/idle/total, 37 MiB/47 MiB CGO alloc/total, 35.7 CGO/sec, 0.6/1.8 %(u/s)time, 0.0 %gc (1x), 397 KiB/397 KiB (r/w)net
I220119 11:32:40.427476 519 security/audit/server/audit_server.go:125  [n1] refresh audit server settings
I220119 11:32:49.636887 201 server/status/runtime.go:500  [n1] runtime stats: 310 MiB RSS, 223 goroutines, 108 MiB/77 MiB/208 MiB GO alloc/idle/total, 45 MiB/55 MiB CGO alloc/total, 34.1 CGO/sec, 0.5/1.7 %(u/s)time, 0.0 %gc (0x), 357 KiB/358 KiB (r/w)net
I220119 11:32:50.427862 519 security/audit/server/audit_server.go:125  [n1] refresh audit server settings
I220119 11:32:59.638462 201 server/status/runtime.go:500  [n1] runtime stats: 311 MiB RSS, 223 goroutines, 123 MiB/63 MiB/208 MiB GO alloc/idle/total, 45 MiB/55 MiB CGO alloc/total, 35.6 CGO/sec, 0.8/1.3 %(u/s)time, 0.0 %gc (0x), 309 KiB/310 KiB (r/w)net
I220119 11:33:00.428307 519 security/audit/server/audit_server.go:125  [n1] refresh audit server settings
I220119 11:33:07.683147 417 server/server_update.go:64  [n1] failed attempt to upgrade cluster version, error: node 4 not running (DEAD), cannot determine version
I220119 11:33:09.640174 201 server/status/runtime.go:500  [n1] runtime stats: 312 MiB RSS, 223 goroutines, 140 MiB/48 MiB/208 MiB GO alloc/idle/total, 45 MiB/55 MiB CGO alloc/total, 57.8 CGO/sec, 0.8/1.6 %(u/s)time, 0.0 %gc (0x), 446 KiB/443 KiB (r/w)net
I220119 11:33:10.428687 519 security/audit/server/audit_server.go:125  [n1] refresh audit server settings
I220119 11:33:19.642435 201 server/status/runtime.go:500  [n1] runtime stats: 296 MiB RSS, 224 goroutines, 155 MiB/32 MiB/208 MiB GO alloc/idle/total, 45 MiB/55 MiB CGO alloc/total, 35.2 CGO/sec, 0.6/1.3 %(u/s)time, 0.0 %gc (0x), 349 KiB/349 KiB (r/w)net
I220119 11:33:20.429014 519 security/audit/server/audit_server.go:125  [n1] refresh audit server settings
I220119 11:33:29.645055 201 server/status/runtime.go:500  [n1] runtime stats: 296 MiB RSS, 224 goroutines, 170 MiB/18 MiB/208 MiB GO alloc/idle/total, 45 MiB/55 MiB CGO alloc/total, 34.1 CGO/sec, 0.6/1.3 %(u/s)time, 0.0 %gc (0x), 323 KiB/323 KiB (r/w)net
I220119 11:33:30.429485 519 security/audit/server/audit_server.go:125  [n1] refresh audit server settings
I220119 11:33:39.072290 417 server/server_update.go:64  [n1] failed attempt to upgrade cluster version, error: node 4 not running (DEAD), cannot determine version
I220119 11:33:39.607020 197 gossip/gossip.go:562  [n1] gossip status (ok, 3 nodes)
gossip client (1/3 cur/max conns)
  2: ubuntu:23457 (3m0s: infos 235/703 sent/received, bytes 48231B/142248B sent/received)
gossip server (0/3 cur/max conns, infos 235/703 sent/received, bytes 48231B/142248B sent/received)
I220119 11:33:39.647096 201 server/status/runtime.go:500  [n1] runtime stats: 297 MiB RSS, 223 goroutines, 103 MiB/81 MiB/208 MiB GO alloc/idle/total, 45 MiB/55 MiB CGO alloc/total, 39.2 CGO/sec, 0.8/1.5 %(u/s)time, 0.0 %gc (1x), 406 KiB/405 KiB (r/w)net
I220119 11:33:40.429793 519 security/audit/server/audit_server.go:125  [n1] refresh audit server settings
I220119 11:33:49.649468 201 server/status/runtime.go:500  [n1] runtime stats: 283 MiB RSS, 223 goroutines, 119 MiB/66 MiB/208 MiB GO alloc/idle/total, 45 MiB/55 MiB CGO alloc/total, 34.8 CGO/sec, 0.5/1.5 %(u/s)time, 0.0 %gc (0x), 350 KiB/350 KiB (r/w)net
I220119 11:33:50.430575 519 security/audit/server/audit_server.go:125  [n1] refresh audit server settings
I220119 11:33:59.651442 201 server/status/runtime.go:500  [n1] runtime stats: 284 MiB RSS, 223 goroutines, 133 MiB/53 MiB/208 MiB GO alloc/idle/total, 45 MiB/55 MiB CGO alloc/total, 35.5 CGO/sec, 0.6/1.4 %(u/s)time, 0.0 %gc (0x), 325 KiB/326 KiB (r/w)net
I220119 11:34:00.430724 519 security/audit/server/audit_server.go:125  [n1] refresh audit server settings
I220119 11:34:09.653642 201 server/status/runtime.go:500  [n1] runtime stats: 285 MiB RSS, 224 goroutines, 148 MiB/39 MiB/208 MiB GO alloc/idle/total, 45 MiB/55 MiB CGO alloc/total, 32.1 CGO/sec, 0.6/1.4 %(u/s)time, 0.0 %gc (0x), 394 KiB/358 KiB (r/w)net
I220119 11:34:10.431045 519 security/audit/server/audit_server.go:125  [n1] refresh audit server settings
I220119 11:34:10.625072 417 server/server_update.go:64  [n1] failed attempt to upgrade cluster version, error: node 4 not running (DEAD), cannot determine version
I220119 11:34:19.655470 201 server/status/runtime.go:500  [n1] runtime stats: 285 MiB RSS, 224 goroutines, 164 MiB/24 MiB/208 MiB GO alloc/idle/total, 45 MiB/55 MiB CGO alloc/total, 36.5 CGO/sec, 0.6/1.4 %(u/s)time, 0.0 %gc (0x), 395 KiB/395 KiB (r/w)net
I220119 11:34:20.434172 519 security/audit/server/audit_server.go:125  [n1] refresh audit server settings
I220119 11:34:29.656770 201 server/status/runtime.go:500  [n1] runtime stats: 286 MiB RSS, 224 goroutines, 92 MiB/91 MiB/208 MiB GO alloc/idle/total, 45 MiB/55 MiB CGO alloc/total, 36.4 CGO/sec, 0.4/1.6 %(u/s)time, 0.0 %gc (1x), 330 KiB/330 KiB (r/w)net
I220119 11:34:30.434258 519 security/audit/server/audit_server.go:125  [n1] refresh audit server settings
I220119 11:34:39.605739 197 gossip/gossip.go:562  [n1] gossip status (ok, 3 nodes)
gossip client (1/3 cur/max conns)
  2: ubuntu:23457 (4m0s: infos 292/914 sent/received, bytes 57180B/169859B sent/received)
gossip server (0/3 cur/max conns, infos 292/914 sent/received, bytes 57180B/169859B sent/received)
I220119 11:34:39.659486 201 server/status/runtime.go:500  [n1] runtime stats: 287 MiB RSS, 223 goroutines, 106 MiB/78 MiB/208 MiB GO alloc/idle/total, 53 MiB/63 MiB CGO alloc/total, 38.1 CGO/sec, 0.4/1.5 %(u/s)time, 0.0 %gc (0x), 360 KiB/360 KiB (r/w)net
I220119 11:34:40.436518 519 security/audit/server/audit_server.go:125  [n1] refresh audit server settings
I220119 11:34:41.404305 417 server/server_update.go:64  [n1] failed attempt to upgrade cluster version, error: node 4 not running (DEAD), cannot determine version
I220119 11:34:49.662557 201 server/status/runtime.go:500  [n1] runtime stats: 287 MiB RSS, 223 goroutines, 124 MiB/62 MiB/208 MiB GO alloc/idle/total, 53 MiB/63 MiB CGO alloc/total, 35.6 CGO/sec, 0.7/1.4 %(u/s)time, 0.0 %gc (0x), 391 KiB/391 KiB (r/w)net
I220119 11:34:50.437279 519 security/audit/server/audit_server.go:125  [n1] refresh audit server settings
I220119 11:34:59.664321 201 server/status/runtime.go:500  [n1] runtime stats: 289 MiB RSS, 223 goroutines, 138 MiB/49 MiB/208 MiB GO alloc/idle/total, 53 MiB/63 MiB CGO alloc/total, 34.1 CGO/sec, 0.6/1.3 %(u/s)time, 0.0 %gc (0x), 326 KiB/327 KiB (r/w)net
I220119 11:35:00.437970 519 security/audit/server/audit_server.go:125  [n1] refresh audit server settings
I220119 11:35:02.586100 522 sql/event_log.go:235  [n1] Event: "node_quit", target: 1, info: nodeID:1, lastUp:1642591695473877327, ClusterID:3bbb8c74-c606-434f-b2eb-5e4523c470ba
I220119 11:35:03.614731 3998 storage/store.go:1161  [drain] waiting for 31 replicas to transfer their lease away
W220119 11:35:03.624661 83 vendor/google.golang.org/grpc/clientconn.go:1304  grpc: addrConn.createTransport failed to connect to {ubuntu:23456 0  <nil>}. Err :connection error: desc = "transport: failed to write client preface: io: read/write on closed pipe". Reconnecting...
I220119 11:35:03.625769 4123 util/stop/stopper.go:540  quiescing; tasks left:
2      [async] closedts-subscription
1      [async] intent_resolver_ir_batcher
1      [async] intent_resolver_gc_batcher
1      [async] closedts-rangefeed-subscriber
1      [async] auto-upgrade
W220119 11:35:03.625896 556 storage/raft_transport.go:625  [n1] while processing outgoing Raft queue to node 3: rpc error: code = Unavailable desc = transport is closing:
I220119 11:35:03.625921 4123 util/stop/stopper.go:540  quiescing; tasks left:
2      [async] closedts-subscription
1      [async] intent_resolver_ir_batcher
1      [async] intent_resolver_gc_batcher
1      [async] closedts-rangefeed-subscriber
W220119 11:35:03.627942 81 gossip/gossip.go:1508  [n1] no incoming or outgoing connections
I220119 11:35:03.628012 4123 util/stop/stopper.go:540  quiescing; tasks left:
2      [async] closedts-subscription
1      [async] intent_resolver_ir_batcher
1      [async] closedts-rangefeed-subscriber
W220119 11:35:03.628028 184 storage/raft_transport.go:625  [n1] while processing outgoing Raft queue to node 3: rpc error: code = Canceled desc = grpc: the client connection is closing:
I220119 11:35:03.628029 4123 util/stop/stopper.go:540  quiescing; tasks left:
2      [async] closedts-subscription
1      [async] closedts-rangefeed-subscriber
W220119 11:35:03.628065 83 vendor/google.golang.org/grpc/clientconn.go:1440  grpc: addrConn.transportMonitor exits due to: context canceled
W220119 11:35:03.628101 183 storage/raft_transport.go:625  [n1] while processing outgoing Raft queue to node 2: rpc error: code = Canceled desc = grpc: the client connection is closing:
W220119 11:35:03.628137 527 storage/raft_transport.go:625  [n1] while processing outgoing Raft queue to node 2: rpc error: code = Canceled desc = context canceled:
I220119 11:35:03.628312 4123 util/stop/stopper.go:540  quiescing; tasks left:
1      [async] closedts-subscription
1      [async] closedts-rangefeed-subscriber
I220119 11:35:03.628460 519 security/audit/server/audit_server.go:139  [n1] stop refresh audit server settings
I220119 11:35:03.628618 520 security/audit/server/audit_server.go:152  [n1] stop audit server
I220119 11:35:03.828852 505 security/audit/task/runner.go:235  [n1] audit_server_3a4c48bc-791b-11ec-afb3-000c29793ffc stop monitor, because runner is going to stop
I220119 11:35:03.828929 520 security/audit/task/runner.go:373  [n1] audit_server_3a4c48bc-791b-11ec-afb3-000c29793ffc runner has been stopped
I220119 11:35:03.829084 4123 storage/engine/rocksdb.go:861  closing rocksdb instance at "/home/yangjx/go/src/github.com/znbasedb/znbase/node1/znbase-temp728079092"
I220119 11:35:03.830862 4123 storage/engine/rocksdb.go:861  closing rocksdb instance at "/home/yangjx/go/src/github.com/znbasedb/znbase/node1/znbase-cursor-temp237570499"
I220119 11:35:03.832118 4123 storage/engine/rocksdb.go:861  closing rocksdb instance at "/home/yangjx/go/src/github.com/znbasedb/znbase/node1"
