I220119 11:48:16.179300 1 util/log/clog.go:1194  [config] file created at: 2022/01/19 11:48:16
I220119 11:48:16.179300 1 util/log/clog.go:1194  [config] running on machine: ubuntu
I220119 11:48:16.179300 1 util/log/clog.go:1194  [config] binary: ZNBaseDB OSS a077da02 (x86_64-linux-gnu, built 2022/01/19 11:08:07, go1.14)
I220119 11:48:16.179300 1 util/log/clog.go:1194  [config] arguments: [./znbase start --insecure --store=./node1 --listen-addr=:23456 --http-addr=:8000 --join=:23456,:23457,:23458]
I220119 11:48:16.179300 1 util/log/clog.go:1194  line format: [IWEF]yymmdd hh:mm:ss.uuuuuu goid file:line msg utf8=✓
I220119 11:48:16.179299 1 cli/start.go:1156  logging to directory /home/yangjx/go/src/github.com/znbasedb/znbase/node1/logs
W220119 11:48:16.179890 1 cli/start.go:1191  RUNNING IN INSECURE MODE!

- Your cluster is open for any client that can access <all your IP addresses>.
- Any user, even root, can log in without providing a password.
- Any user, connecting as root, can read or write any data in your cluster.
- There is no network encryption nor authentication, and thus no confidentiality.

Check out how to secure your cluster: official docs about version a077da02
I220119 11:48:16.180284 1 server/status/recorder.go:610  available memory from cgroups (8.0 EiB) exceeds system memory 3.8 GiB, using system memory
W220119 11:48:16.180362 1 cli/start.go:1067  Using the default setting for --cache (128 MiB).
  A significantly larger value is usually needed for good performance.
  If you have a dedicated server a reasonable setting is --cache=.25 (976 MiB).
I220119 11:48:16.180430 1 server/status/recorder.go:610  available memory from cgroups (8.0 EiB) exceeds system memory 3.8 GiB, using system memory
W220119 11:48:16.180443 1 cli/start.go:1080  Using the default setting for --max-sql-memory (128 MiB).
  A significantly larger value is usually needed in production.
  If you have a dedicated server a reasonable setting is --max-sql-memory=.25 (976 MiB).
I220119 11:48:16.180487 1 server/status/recorder.go:610  available memory from cgroups (8.0 EiB) exceeds system memory 3.8 GiB, using system memory
I220119 11:48:16.180498 1 cli/start.go:1205  ZNBaseDB OSS a077da02 (x86_64-linux-gnu, built 2022/01/19 11:08:07, go1.14)
I220119 11:48:16.188209 1 server/status/recorder.go:610  available memory from cgroups (8.0 EiB) exceeds system memory 3.8 GiB, using system memory
I220119 11:48:16.188250 1 server/config.go:400  system total memory: 3.8 GiB
I220119 11:48:16.188495 1 server/config.go:402  server configuration:
max offset             500000000
cache size             128 MiB
SQL memory pool size   128 MiB
scan interval          10m0s
scan min idle time     10ms
scan max idle time     1s
event log enabled      true
I220119 11:48:16.188520 1 cli/start.go:1045  using local environment variables: GODEBUG=cgocheck=0
I220119 11:48:16.188534 1 cli/start.go:1052  process identity: uid 1000 euid 1000 gid 1000 egid 1000
I220119 11:48:16.188542 1 cli/start.go:676  starting znbase node
I220119 11:48:16.192002 22 storage/engine/rocksdb.go:721  opening rocksdb instance at "/home/yangjx/go/src/github.com/znbasedb/znbase/node1/znbase-temp381603564"
I220119 11:48:16.226497 22 storage/engine/rocksdb.go:721  opening rocksdb instance at "/home/yangjx/go/src/github.com/znbasedb/znbase/node1/znbase-cursor-temp217431899"
I220119 11:48:16.306783 22 server/server.go:1008  [n?] monitoring forward clock jumps based on server.clock.forward_jump_check_enabled
W220119 11:48:16.308808 22 server/config_unix.go:92  soft open file descriptor limit 4096 is under the recommended limit 15000; this may decrease performance
please see official docs about version a077da02 for more details
I220119 11:48:16.308932 22 storage/engine/rocksdb.go:721  opening rocksdb instance at "/home/yangjx/go/src/github.com/znbasedb/znbase/node1"
I220119 11:48:16.881151 22 server/config.go:509  [n?] 1 storage engine initialized
I220119 11:48:16.881175 22 server/config.go:512  [n?] rocksdb cache size: 128 MiB
I220119 11:48:16.881180 22 server/config.go:512  [n?] store 0: rocksdb, max size 0 B, max open file limit 3840
W220119 11:48:16.882787 22 gossip/gossip.go:1508  [n?] no incoming or outgoing connections
I220119 11:48:16.884756 22 gossip/gossip.go:397  [n1] NodeDescriptor set to node_id:1 address:<network_field:"tcp" address_field:"ubuntu:23456" > attrs:<> locality:<> ServerVersion:<major_val:19 minor_val:1 patch:0 unstable:10 > build_tag:"a077da02" started_at:1642592896884002644 location_name:<> 
I220119 11:48:16.885338 26 gossip/gossip.go:920  [n1] MaxPeers Recomputed as 3
I220119 11:48:16.894481 84 gossip/client.go:128  [n1] started gossip client to ubuntu:23457
I220119 11:48:16.895500 26 gossip/gossip.go:920  [n1] MaxPeers Recomputed as 3
I220119 11:48:16.896850 26 gossip/gossip.go:920  [n1] MaxPeers Recomputed as 3
I220119 11:48:16.953108 22 server/node.go:457  [n1] initialized store [n1,s1]: disk (capacity=78 GiB, available=34 GiB, used=33 MiB, logicalBytes=79 MiB), ranges=107, leases=0, queries=0.00, writes=0.00, bytesPerReplica={p10=0.00 p25=35172.00 p50=524279.00 p75=524293.00 p90=524301.00 pMax=42263644.00}, writesPerReplica={p10=0.00 p25=0.00 p50=0.00 p75=0.00 p90=0.00 pMax=0.00}
I220119 11:48:16.953361 22 storage/stores.go:238  [n1] read 2 node addresses from persistent storage
I220119 11:48:16.955285 22 server/node.go:695  [n1] connecting to gossip network to verify cluster ID...
I220119 11:48:16.955338 22 server/node.go:715  [n1] node connected via gossip and verified as part of cluster "3bbb8c74-c606-434f-b2eb-5e4523c470ba"
I220119 11:48:16.955503 22 server/node.go:538  [n1] node=1: started with [<no-attributes>=/home/yangjx/go/src/github.com/znbasedb/znbase/node1] engine(s) and attributes []
I220119 11:48:16.958400 22 server/status/recorder.go:610  [n1] available memory from cgroups (8.0 EiB) exceeds system memory 3.8 GiB, using system memory
I220119 11:48:16.963481 22 server/server.go:1730  [n1] starting http server at [::]:8000 (use: ubuntu:8000)
I220119 11:48:16.963508 22 server/server.go:1732  [n1] starting grpc/postgres server at [::]:23456
I220119 11:48:16.963517 22 server/server.go:1733  [n1] advertising ZNBaseDB node at ubuntu:23456
I220119 11:48:18.260315 22 server/server.go:1802  [n1] done ensuring all necessary migrations have run
I220119 11:48:18.260330 22 server/server.go:1805  [n1] serving sql connections
I220119 11:48:18.260461 22 cli/start.go:813  [config] clusterID: 3bbb8c74-c606-434f-b2eb-5e4523c470ba
I220119 11:48:18.260775 22 cli/start.go:821  node startup completed:
ZNBaseDB node starting at 2022-01-19 11:48:18.260385193 +0000 UTC (took 2.1s)
build:               OSS a077da02 @ 2022/01/19 11:08:07 (go1.14)
webui:               http://ubuntu:8000
sql:                 postgresql://root@ubuntu:23456?sslmode=disable
client flags:        ./znbase <client cmd> --host=ubuntu:23456 --insecure
logs:                /home/yangjx/go/src/github.com/znbasedb/znbase/node1/logs
temp dir:            /home/yangjx/go/src/github.com/znbasedb/znbase/node1/znbase-temp381603564
external I/O path:   /home/yangjx/go/src/github.com/znbasedb/znbase/node1/extern
store[0]:            path=/home/yangjx/go/src/github.com/znbasedb/znbase/node1,state=ENABLE
storage engine:      rocksdb
status:              restarted pre-existing node
clusterID:           3bbb8c74-c606-434f-b2eb-5e4523c470ba
nodeID:              1
I220119 11:48:18.267021 569 security/audit/server/audit_server.go:125  [n1] refresh audit server settings
I220119 11:48:18.267062 574 security/audit/task/runner.go:216  [n1] audit_server_b074436a-791d-11ec-a23a-000c29793ffc monitor workers every 5 seconds
I220119 11:48:18.267076 573 security/audit/task/runner.go:284  [n1] audit_server_b074436a-791d-11ec-a23a-000c29793ffc init, min:3, max:30
W220119 11:48:18.284965 177 storage/node_liveness.go:523  [n1,hb] slow heartbeat took 1.3s
I220119 11:48:18.360246 579 sql/lease.go:2613  released orphaned table lease: {id:57 version:1 expiration:{Time:{wall:921412000 ext:63778189541 loc:<nil>}}}
I220119 11:48:18.360288 580 sql/lease.go:2613  released orphaned table lease: {id:58 version:1 expiration:{Time:{wall:752938000 ext:63778189539 loc:<nil>}}}
I220119 11:48:18.371167 563 server/server_update.go:64  [n1] failed attempt to upgrade cluster version, error: node 4 not running (DEAD), cannot determine version
I220119 11:48:18.394641 577 sql/event_log.go:235  [n1] Event: "node_restart", target: 1, info: nodeID:1, lastUp:1642592499557311197, ClusterID:3bbb8c74-c606-434f-b2eb-5e4523c470ba
I220119 11:48:18.426626 77 gossip/gossip.go:1522  [n1] node has connected to cluster via gossip
I220119 11:48:18.426824 77 storage/stores.go:257  [n1] wrote 2 node addresses to persistent storage
I220119 11:48:19.411880 563 server/server_update.go:64  [n1] failed attempt to upgrade cluster version, error: node 4 not running (DEAD), cannot determine version
I220119 11:48:21.192729 563 server/server_update.go:64  [n1] failed attempt to upgrade cluster version, error: node 4 not running (DEAD), cannot determine version
I220119 11:48:21.904578 632 storage/replica_raftstorage.go:817  [n1,s1,r4/1:/System{/tsd-tse}] applying RAFT snapshot at index 6749 (id=210518c6, encoded size=20620251, 79 rocksdb batches, 0 log entries)
I220119 11:48:22.090247 632 storage/replica_raftstorage.go:823  [n1,s1,r4/1:/System{/tsd-tse}] applied RAFT snapshot in 186ms [clear=3ms batch=110ms entries=0ms commit=71ms]
I220119 11:48:25.213140 563 server/server_update.go:64  [n1] failed attempt to upgrade cluster version, error: node 4 not running (DEAD), cannot determine version
I220119 11:48:26.960978 170 server/status/runtime.go:500  [n1] runtime stats: 256 MiB RSS, 223 goroutines, 177 MiB/61 MiB/260 MiB GO alloc/idle/total, 36 MiB/43 MiB CGO alloc/total, 0.0 CGO/sec, 0.0/0.0 %(u/s)time, 0.0 %gc (9x), 3.5 MiB/3.5 MiB (r/w)net
I220119 11:48:28.267409 569 security/audit/server/audit_server.go:125  [n1] refresh audit server settings
I220119 11:48:32.941220 563 server/server_update.go:64  [n1] failed attempt to upgrade cluster version, error: node 4 not running (DEAD), cannot determine version
I220119 11:48:36.962191 165 storage/store.go:4034  [n1,s1] sstables (read amplification = 1):
6 [ 21M 3 ]: 15M 4M 2M
I220119 11:48:36.962328 165 storage/store.go:4035  [n1,s1] 
** Compaction Stats [default] **
Level    Files   Size     Score Read(GB)  Rn(GB) Rnp1(GB) Write(GB) Wnew(GB) Moved(GB) W-Amp Rd(MB/s) Wr(MB/s) Comp(sec) CompMergeCPU(sec) Comp(cnt) Avg(sec) KeyIn KeyDrop
----------------------------------------------------------------------------------------------------------------------------------------------------------------------------
  L0      0/0    0.00 KB   0.0      0.0     0.0      0.0       0.0      0.0       0.0   1.0      0.0      2.5      0.16              0.00         1    0.162       0      0
  L6      3/0   20.60 MB   0.0      0.0     0.0      0.0       0.0      0.0       0.0   5.9     30.5     29.2      0.13              0.09         1    0.127     41K   3393
 Sum      3/0   20.60 MB   0.0      0.0     0.0      0.0       0.0      0.0       0.0  10.0     13.4     14.2      0.29              0.09         2    0.144     41K   3393
 Int      0/0    0.00 KB   0.0      0.0     0.0      0.0       0.0      0.0       0.0  10.0     13.4     14.2      0.29              0.09         2    0.144     41K   3393

** Compaction Stats [default] **
Priority    Files   Size     Score Read(GB)  Rn(GB) Rnp1(GB) Write(GB) Wnew(GB) Moved(GB) W-Amp Rd(MB/s) Wr(MB/s) Comp(sec) CompMergeCPU(sec) Comp(cnt) Avg(sec) KeyIn KeyDrop
-------------------------------------------------------------------------------------------------------------------------------------------------------------------------------
 Low      0/0    0.00 KB   0.0      0.0     0.0      0.0       0.0      0.0       0.0   0.0     30.5     29.2      0.13              0.09         1    0.127     41K   3393
User      0/0    0.00 KB   0.0      0.0     0.0      0.0       0.0      0.0       0.0   0.0      0.0      2.5      0.16              0.00         1    0.162       0      0
Uptime(secs): 20.7 total, 20.7 interval
Flush(GB): cumulative 0.000, interval 0.000
AddFile(GB): cumulative 0.000, interval 0.000
AddFile(Total Files): cumulative 0, interval 0
AddFile(L0 Files): cumulative 0, interval 0
AddFile(Keys): cumulative 0, interval 0
Cumulative compaction: 0.00 GB write, 0.20 MB/s write, 0.00 GB read, 0.19 MB/s read, 0.3 seconds
Interval compaction: 0.00 GB write, 0.20 MB/s write, 0.00 GB read, 0.19 MB/s read, 0.3 seconds
Stalls(count): 0 level0_slowdown, 0 level0_slowdown_with_compaction, 0 level0_numfiles, 0 level0_numfiles_with_compaction, 0 stop for pending_compaction_bytes, 0 slowdown for pending_compaction_bytes, 0 memtable_compaction, 0 memtable_slowdown, interval 0 total count
I220119 11:48:36.962871 170 server/status/runtime.go:500  [n1] runtime stats: 227 MiB RSS, 223 goroutines, 196 MiB/44 MiB/260 MiB GO alloc/idle/total, 44 MiB/52 MiB CGO alloc/total, 62.5 CGO/sec, 0.8/1.5 %(u/s)time, 0.0 %gc (0x), 379 KiB/379 KiB (r/w)net
I220119 11:48:38.267896 569 security/audit/server/audit_server.go:125  [n1] refresh audit server settings
