I220119 11:50:40.772886 1 util/log/clog.go:1194  [config] file created at: 2022/01/19 11:50:40
I220119 11:50:40.772886 1 util/log/clog.go:1194  [config] running on machine: ubuntu
I220119 11:50:40.772886 1 util/log/clog.go:1194  [config] binary: ZNBaseDB OSS a077da02 (x86_64-linux-gnu, built 2022/01/19 11:08:07, go1.14)
I220119 11:50:40.772886 1 util/log/clog.go:1194  [config] arguments: [./znbase start --insecure --store=./node2 --listen-addr=:23457 --http-addr=:8001 --join=:23456,:23457,:23458]
I220119 11:50:40.772886 1 util/log/clog.go:1194  line format: [IWEF]yymmdd hh:mm:ss.uuuuuu goid file:line msg utf8=✓
I220119 11:50:40.772885 1 cli/start.go:1156  logging to directory /home/yangjx/go/src/github.com/znbasedb/znbase/node2/logs
W220119 11:50:40.773925 1 cli/start.go:1191  RUNNING IN INSECURE MODE!

- Your cluster is open for any client that can access <all your IP addresses>.
- Any user, even root, can log in without providing a password.
- Any user, connecting as root, can read or write any data in your cluster.
- There is no network encryption nor authentication, and thus no confidentiality.

Check out how to secure your cluster: official docs about version a077da02
I220119 11:50:40.774125 1 server/status/recorder.go:610  available memory from cgroups (8.0 EiB) exceeds system memory 3.8 GiB, using system memory
W220119 11:50:40.774175 1 cli/start.go:1067  Using the default setting for --cache (128 MiB).
  A significantly larger value is usually needed for good performance.
  If you have a dedicated server a reasonable setting is --cache=.25 (976 MiB).
I220119 11:50:40.774274 1 server/status/recorder.go:610  available memory from cgroups (8.0 EiB) exceeds system memory 3.8 GiB, using system memory
W220119 11:50:40.774284 1 cli/start.go:1080  Using the default setting for --max-sql-memory (128 MiB).
  A significantly larger value is usually needed in production.
  If you have a dedicated server a reasonable setting is --max-sql-memory=.25 (976 MiB).
I220119 11:50:40.774375 1 server/status/recorder.go:610  available memory from cgroups (8.0 EiB) exceeds system memory 3.8 GiB, using system memory
I220119 11:50:40.774490 1 cli/start.go:1205  ZNBaseDB OSS a077da02 (x86_64-linux-gnu, built 2022/01/19 11:08:07, go1.14)
I220119 11:50:40.789900 1 server/status/recorder.go:610  available memory from cgroups (8.0 EiB) exceeds system memory 3.8 GiB, using system memory
I220119 11:50:40.789976 1 server/config.go:400  system total memory: 3.8 GiB
I220119 11:50:40.790084 1 server/config.go:402  server configuration:
max offset             500000000
cache size             128 MiB
SQL memory pool size   128 MiB
scan interval          10m0s
scan min idle time     10ms
scan max idle time     1s
event log enabled      true
I220119 11:50:40.790129 1 cli/start.go:1045  using local environment variables: ZNBASE_BACKGROUND_RESTART=1, GODEBUG=cgocheck=0
I220119 11:50:40.790141 1 cli/start.go:1052  process identity: uid 1000 euid 1000 gid 1000 egid 1000
I220119 11:50:40.790164 1 cli/start.go:676  starting znbase node
I220119 11:50:40.792000 39 storage/engine/rocksdb.go:721  opening rocksdb instance at "/home/yangjx/go/src/github.com/znbasedb/znbase/node2/znbase-temp734696872"
I220119 11:50:40.803516 39 storage/engine/rocksdb.go:721  opening rocksdb instance at "/home/yangjx/go/src/github.com/znbasedb/znbase/node2/znbase-cursor-temp941211367"
I220119 11:50:40.822564 39 server/server.go:1008  [n?] monitoring forward clock jumps based on server.clock.forward_jump_check_enabled
W220119 11:50:40.823438 39 server/config_unix.go:92  soft open file descriptor limit 4096 is under the recommended limit 15000; this may decrease performance
please see official docs about version a077da02 for more details
I220119 11:50:40.823541 39 storage/engine/rocksdb.go:721  opening rocksdb instance at "/home/yangjx/go/src/github.com/znbasedb/znbase/node2"
I220119 11:50:41.637952 39 server/config.go:509  [n?] 1 storage engine initialized
I220119 11:50:41.637966 39 server/config.go:512  [n?] rocksdb cache size: 128 MiB
I220119 11:50:41.637970 39 server/config.go:512  [n?] store 0: rocksdb, max size 0 B, max open file limit 3840
W220119 11:50:41.639930 39 gossip/gossip.go:1508  [n?] no incoming or outgoing connections
W220119 11:50:41.641067 28 vendor/google.golang.org/grpc/clientconn.go:1304  grpc: addrConn.createTransport failed to connect to {ubuntu:23456 0  <nil>}. Err :connection error: desc = "transport: Error while dialing dial tcp 127.0.1.1:23456: connect: connection refused". Reconnecting...
I220119 11:50:41.643011 25 vendor/github.com/znbasedb/circuitbreaker/circuitbreaker.go:322  [n?] circuitbreaker: gossip [::]:23457->ubuntu:23456 tripped: initial connection heartbeat failed: rpc error: code = Unavailable desc = all SubConns are in TransientFailure, latest connection error: connection error: desc = "transport: Error while dialing dial tcp 127.0.1.1:23456: connect: connection refused"
I220119 11:50:41.643043 25 vendor/github.com/znbasedb/circuitbreaker/circuitbreaker.go:447  [n?] circuitbreaker: gossip [::]:23457->ubuntu:23456 event: BreakerTripped
W220119 11:50:41.643088 25 gossip/client.go:122  [n?] failed to start gossip client to ubuntu:23456: initial connection heartbeat failed: rpc error: code = Unavailable desc = all SubConns are in TransientFailure, latest connection error: connection error: desc = "transport: Error while dialing dial tcp 127.0.1.1:23456: connect: connection refused"
I220119 11:50:41.643378 39 gossip/gossip.go:397  [n2] NodeDescriptor set to node_id:2 address:<network_field:"tcp" address_field:"ubuntu:23457" > attrs:<> locality:<> ServerVersion:<major_val:19 minor_val:1 patch:0 unstable:10 > build_tag:"a077da02" started_at:1642593041643233013 location_name:<> 
I220119 11:50:41.651072 43 gossip/gossip.go:920  [n2] MaxPeers Recomputed as 3
W220119 11:50:41.673258 157 storage/replica_range_lease.go:506  can't determine lease status due to node liveness error: node not in the liveness table
W220119 11:50:41.673298 157 storage/store.go:1580  [n2,s2,r6/2:/Table/{SystemCon…-11}] could not gossip system config: [NotLeaseHolderError] r6: replica (n2,s2):2 not lease holder; lease holder unknown
I220119 11:50:41.673952 167 vendor/github.com/znbasedb/circuitbreaker/circuitbreaker.go:322  [n2] circuitbreaker: rpc [::]:23457 [n3] tripped: failed to resolve n3: unable to look up descriptor for n3
I220119 11:50:41.673962 167 vendor/github.com/znbasedb/circuitbreaker/circuitbreaker.go:447  [n2] circuitbreaker: rpc [::]:23457 [n3] event: BreakerTripped
I220119 11:50:41.673983 166 vendor/github.com/znbasedb/circuitbreaker/circuitbreaker.go:322  [n2] circuitbreaker: rpc [::]:23457 [n1] tripped: failed to resolve n1: unable to look up descriptor for n1
I220119 11:50:41.673992 166 vendor/github.com/znbasedb/circuitbreaker/circuitbreaker.go:447  [n2] circuitbreaker: rpc [::]:23457 [n1] event: BreakerTripped
I220119 11:50:41.674098 39 server/node.go:457  [n2] initialized store [n2,s2]: disk (capacity=78 GiB, available=34 GiB, used=35 MiB, logicalBytes=82 MiB), ranges=107, leases=0, queries=0.00, writes=0.00, bytesPerReplica={p10=0.00 p25=37959.00 p50=524279.00 p75=524293.00 p90=524301.00 pMax=45621324.00}, writesPerReplica={p10=0.00 p25=0.00 p50=0.00 p75=0.00 p90=0.00 pMax=0.00}
I220119 11:50:41.674170 39 storage/stores.go:238  [n2] read 2 node addresses from persistent storage
I220119 11:50:41.674426 39 server/node.go:695  [n2] connecting to gossip network to verify cluster ID...
I220119 11:50:41.674441 39 server/node.go:715  [n2] node connected via gossip and verified as part of cluster "3bbb8c74-c606-434f-b2eb-5e4523c470ba"
I220119 11:50:41.674503 39 server/node.go:538  [n2] node=2: started with [<no-attributes>=/home/yangjx/go/src/github.com/znbasedb/znbase/node2] engine(s) and attributes []
I220119 11:50:41.674765 39 server/status/recorder.go:610  [n2] available memory from cgroups (8.0 EiB) exceeds system memory 3.8 GiB, using system memory
I220119 11:50:41.674876 39 server/server.go:1730  [n2] starting http server at [::]:8001 (use: ubuntu:8001)
I220119 11:50:41.674886 39 server/server.go:1732  [n2] starting grpc/postgres server at [::]:23457
I220119 11:50:41.674894 39 server/server.go:1733  [n2] advertising ZNBaseDB node at ubuntu:23457
W220119 11:50:41.674908 39 jobs/registry.go:440  [n2] unable to get node liveness: node not in the liveness table
W220119 11:50:41.727082 157 storage/store.go:1580  [n2,s2,r6/2:/Table/{SystemCon…-11}] could not gossip system config: [NotLeaseHolderError] r6: replica (n2,s2):2 not lease holder; lease holder unknown
W220119 11:50:41.820029 157 storage/store.go:1580  [n2,s2,r6/2:/Table/{SystemCon…-11}] could not gossip system config: [NotLeaseHolderError] r6: replica (n2,s2):2 not lease holder; lease holder unknown
W220119 11:50:42.022845 157 storage/store.go:1580  [n2,s2,r6/2:/Table/{SystemCon…-11}] could not gossip system config: [NotLeaseHolderError] r6: replica (n2,s2):2 not lease holder; lease holder unknown
W220119 11:50:42.471744 157 storage/store.go:1580  [n2,s2,r6/2:/Table/{SystemCon…-11}] could not gossip system config: [NotLeaseHolderError] r6: replica (n2,s2):2 not lease holder; lease holder unknown
W220119 11:50:42.641232 28 vendor/google.golang.org/grpc/clientconn.go:1304  grpc: addrConn.createTransport failed to connect to {ubuntu:23456 0  <nil>}. Err :connection error: desc = "transport: Error while dialing cannot reuse client connection". Reconnecting...
W220119 11:50:42.641253 28 vendor/google.golang.org/grpc/clientconn.go:953  Failed to dial ubuntu:23456: grpc: the connection is closing; please retry.
W220119 11:50:42.641760 114 vendor/google.golang.org/grpc/clientconn.go:1304  grpc: addrConn.createTransport failed to connect to {ubuntu:23456 0  <nil>}. Err :connection error: desc = "transport: Error while dialing dial tcp 127.0.1.1:23456: connect: connection refused". Reconnecting...
I220119 11:50:42.874890 233 vendor/github.com/znbasedb/circuitbreaker/circuitbreaker.go:322  [n2] circuitbreaker: rpc [::]:23457 [n3] tripped: failed to resolve n3: unable to look up descriptor for n3
I220119 11:50:42.874901 233 vendor/github.com/znbasedb/circuitbreaker/circuitbreaker.go:447  [n2] circuitbreaker: rpc [::]:23457 [n3] event: BreakerTripped
I220119 11:50:42.874912 232 vendor/github.com/znbasedb/circuitbreaker/circuitbreaker.go:322  [n2] circuitbreaker: rpc [::]:23457 [n1] tripped: failed to resolve n1: unable to look up descriptor for n1
I220119 11:50:42.874915 232 vendor/github.com/znbasedb/circuitbreaker/circuitbreaker.go:447  [n2] circuitbreaker: rpc [::]:23457 [n1] event: BreakerTripped
W220119 11:50:43.212818 157 storage/store.go:1580  [n2,s2,r6/2:/Table/{SystemCon…-11}] could not gossip system config: [NotLeaseHolderError] r6: replica (n2,s2):2 not lease holder; lease holder unknown
W220119 11:50:43.642098 114 vendor/google.golang.org/grpc/clientconn.go:1304  grpc: addrConn.createTransport failed to connect to {ubuntu:23456 0  <nil>}. Err :connection error: desc = "transport: Error while dialing cannot reuse client connection". Reconnecting...
W220119 11:50:43.642432 114 vendor/google.golang.org/grpc/clientconn.go:953  Failed to dial ubuntu:23456: context canceled; please retry.
W220119 11:50:44.205069 157 storage/store.go:1580  [n2,s2,r6/2:/Table/{SystemCon…-11}] could not gossip system config: [NotLeaseHolderError] r6: replica (n2,s2):2 not lease holder; lease holder unknown
W220119 11:50:44.644622 295 vendor/google.golang.org/grpc/clientconn.go:1304  grpc: addrConn.createTransport failed to connect to {ubuntu:23458 0  <nil>}. Err :connection error: desc = "transport: Error while dialing dial tcp 127.0.1.1:23458: connect: connection refused". Reconnecting...
I220119 11:50:44.644673 291 vendor/github.com/znbasedb/circuitbreaker/circuitbreaker.go:322  [n2] circuitbreaker: gossip [::]:23457->ubuntu:23458 tripped: initial connection heartbeat failed: rpc error: code = Unavailable desc = all SubConns are in TransientFailure, latest connection error: connection error: desc = "transport: Error while dialing dial tcp 127.0.1.1:23458: connect: connection refused"
I220119 11:50:44.644701 291 vendor/github.com/znbasedb/circuitbreaker/circuitbreaker.go:447  [n2] circuitbreaker: gossip [::]:23457->ubuntu:23458 event: BreakerTripped
W220119 11:50:44.644709 291 gossip/client.go:122  [n2] failed to start gossip client to ubuntu:23458: initial connection heartbeat failed: rpc error: code = Unavailable desc = all SubConns are in TransientFailure, latest connection error: connection error: desc = "transport: Error while dialing dial tcp 127.0.1.1:23458: connect: connection refused"
W220119 11:50:45.059675 157 storage/store.go:1580  [n2,s2,r6/2:/Table/{SystemCon…-11}] could not gossip system config: [NotLeaseHolderError] r6: replica (n2,s2):2 not lease holder; lease holder unknown
W220119 11:50:45.644554 295 vendor/google.golang.org/grpc/clientconn.go:1304  grpc: addrConn.createTransport failed to connect to {ubuntu:23458 0  <nil>}. Err :connection error: desc = "transport: Error while dialing cannot reuse client connection". Reconnecting...
W220119 11:50:45.644586 295 vendor/google.golang.org/grpc/clientconn.go:953  Failed to dial ubuntu:23458: context canceled; please retry.
W220119 11:50:45.644976 313 vendor/google.golang.org/grpc/clientconn.go:1304  grpc: addrConn.createTransport failed to connect to {ubuntu:23458 0  <nil>}. Err :connection error: desc = "transport: Error while dialing dial tcp 127.0.1.1:23458: connect: connection refused". Reconnecting...
W220119 11:50:46.005173 157 storage/store.go:1580  [n2,s2,r6/2:/Table/{SystemCon…-11}] could not gossip system config: [NotLeaseHolderError] r6: replica (n2,s2):2 not lease holder; lease holder unknown
W220119 11:50:46.176626 196 storage/node_liveness.go:523  [n2,hb] slow heartbeat took 4.5s
W220119 11:50:46.176684 196 storage/node_liveness.go:463  [n2,hb] failed node liveness heartbeat: aborted in distSender: context deadline exceeded
W220119 11:50:46.645221 313 vendor/google.golang.org/grpc/clientconn.go:1304  grpc: addrConn.createTransport failed to connect to {ubuntu:23458 0  <nil>}. Err :connection error: desc = "transport: Error while dialing cannot reuse client connection". Reconnecting...
W220119 11:50:46.645265 313 vendor/google.golang.org/grpc/clientconn.go:953  Failed to dial ubuntu:23458: context canceled; please retry.
W220119 11:50:46.645773 348 vendor/google.golang.org/grpc/clientconn.go:1304  grpc: addrConn.createTransport failed to connect to {ubuntu:23456 0  <nil>}. Err :connection error: desc = "transport: Error while dialing dial tcp 127.0.1.1:23456: connect: connection refused". Reconnecting...
W220119 11:50:46.674310 125 storage/replica_range_lease.go:506  can't determine lease status due to node liveness error: node not in the liveness table
W220119 11:50:46.680194 197 jobs/registry.go:440  unable to get node liveness: node not in the liveness table
W220119 11:50:46.926479 157 storage/store.go:1580  [n2,s2,r6/2:/Table/{SystemCon…-11}] could not gossip system config: [NotLeaseHolderError] r6: replica (n2,s2):2 not lease holder; lease holder unknown
W220119 11:50:47.645981 348 vendor/google.golang.org/grpc/clientconn.go:1304  grpc: addrConn.createTransport failed to connect to {ubuntu:23456 0  <nil>}. Err :connection error: desc = "transport: Error while dialing cannot reuse client connection". Reconnecting...
W220119 11:50:47.646306 348 vendor/google.golang.org/grpc/clientconn.go:953  Failed to dial ubuntu:23456: context canceled; please retry.
W220119 11:50:47.651842 100 storage/closedts/provider/provider.go:156  [ct-closer] unable to move closed timestamp forward: node not in the liveness table
W220119 11:50:47.838843 157 storage/store.go:1580  [n2,s2,r6/2:/Table/{SystemCon…-11}] could not gossip system config: [NotLeaseHolderError] r6: replica (n2,s2):2 not lease holder; lease holder unknown
I220119 11:50:48.650563 366 vendor/github.com/znbasedb/circuitbreaker/circuitbreaker.go:447  [n2] circuitbreaker: gossip [::]:23457->ubuntu:23458 event: BreakerReset
I220119 11:50:48.650586 366 gossip/client.go:128  [n2] started gossip client to ubuntu:23458
I220119 11:50:48.651205 43 gossip/gossip.go:920  [n2] MaxPeers Recomputed as 3
I220119 11:50:48.790844 402 vendor/github.com/znbasedb/circuitbreaker/circuitbreaker.go:447  [n2] circuitbreaker: rpc [::]:23457 [n3] event: BreakerReset
W220119 11:50:48.875926 157 storage/store.go:1580  [n2,s2,r6/2:/Table/{SystemCon…-11}] could not gossip system config: [NotLeaseHolderError] r6: replica (n2,s2):2 not lease holder; lease holder unknown
I220119 11:50:49.178410 304 internal/client/txn.go:759  [n2] async rollback failed: aborted in distSender: context deadline exceeded
W220119 11:50:49.649388 457 vendor/google.golang.org/grpc/clientconn.go:1304  grpc: addrConn.createTransport failed to connect to {ubuntu:23456 0  <nil>}. Err :connection error: desc = "transport: Error while dialing dial tcp 127.0.1.1:23456: connect: connection refused". Reconnecting...
W220119 11:50:49.938906 157 storage/store.go:1580  [n2,s2,r6/2:/Table/{SystemCon…-11}] could not gossip system config: [NotLeaseHolderError] r6: replica (n2,s2):2 not lease holder; lease holder unknown
I220119 11:50:49.976703 431 vendor/github.com/znbasedb/circuitbreaker/circuitbreaker.go:447  [n2] circuitbreaker: rpc [::]:23457 [n3] event: BreakerReset
W220119 11:50:50.649266 457 vendor/google.golang.org/grpc/clientconn.go:1304  grpc: addrConn.createTransport failed to connect to {ubuntu:23456 0  <nil>}. Err :connection error: desc = "transport: Error while dialing cannot reuse client connection". Reconnecting...
W220119 11:50:50.649335 457 vendor/google.golang.org/grpc/clientconn.go:953  Failed to dial ubuntu:23456: context canceled; please retry.
W220119 11:50:50.650171 532 vendor/google.golang.org/grpc/clientconn.go:1304  grpc: addrConn.createTransport failed to connect to {ubuntu:23456 0  <nil>}. Err :connection error: desc = "transport: Error while dialing dial tcp 127.0.1.1:23456: connect: connection refused". Reconnecting...
W220119 11:50:50.677594 196 storage/node_liveness.go:523  [n2,hb] slow heartbeat took 4.5s
W220119 11:50:50.677665 196 storage/node_liveness.go:463  [n2,hb] failed node liveness heartbeat: aborted in distSender: context deadline exceeded
W220119 11:50:50.836544 157 storage/store.go:1580  [n2,s2,r6/2:/Table/{SystemCon…-11}] could not gossip system config: [NotLeaseHolderError] r6: replica (n2,s2):2 not lease holder; lease holder unknown
W220119 11:50:51.650406 532 vendor/google.golang.org/grpc/clientconn.go:1304  grpc: addrConn.createTransport failed to connect to {ubuntu:23456 0  <nil>}. Err :connection error: desc = "transport: Error while dialing cannot reuse client connection". Reconnecting...
W220119 11:50:51.650449 532 vendor/google.golang.org/grpc/clientconn.go:953  Failed to dial ubuntu:23456: context canceled; please retry.
W220119 11:50:51.675336 87 storage/replica_range_lease.go:506  can't determine lease status due to node liveness error: node not in the liveness table
W220119 11:50:51.675519 87 server/node.go:795  [n2] [n2,s2]: unable to compute metrics: [n2,s2]: system config not yet available
I220119 11:50:51.676449 92 server/status/runtime.go:500  [n2] runtime stats: 179 MiB RSS, 182 goroutines, 100 MiB/232 KiB/114 MiB GO alloc/idle/total, 16 MiB/20 MiB CGO alloc/total, 0.0 CGO/sec, 0.0/0.0 %(u/s)time, 0.0 %gc (7x), 117 KiB/117 KiB (r/w)net
W220119 11:50:51.684360 197 jobs/registry.go:440  unable to get node liveness: node not in the liveness table
W220119 11:50:51.899758 157 storage/store.go:1580  [n2,s2,r6/2:/Table/{SystemCon…-11}] could not gossip system config: [NotLeaseHolderError] r6: replica (n2,s2):2 not lease holder; lease holder unknown
I220119 11:50:52.011426 81 gossip/gossip.go:1522  [n2] node has connected to cluster via gossip
I220119 11:50:52.011578 81 storage/stores.go:257  [n2] wrote 1 node addresses to persistent storage
W220119 11:50:52.203031 196 storage/node_liveness.go:523  [n2,hb] slow heartbeat took 1.5s
I220119 11:50:52.203044 196 storage/node_liveness.go:453  [n2,hb] heartbeat failed on epoch increment; retrying
I220119 11:50:55.089040 39 server/server.go:1802  [n2] done ensuring all necessary migrations have run
I220119 11:50:55.089055 39 server/server.go:1805  [n2] serving sql connections
I220119 11:50:55.089230 39 cli/start.go:813  [config] clusterID: 3bbb8c74-c606-434f-b2eb-5e4523c470ba
I220119 11:50:55.089248 39 cli/start.go:821  node startup completed:
ZNBaseDB node starting at 2022-01-19 11:50:55.089154673 +0000 UTC (took 14.3s)
build:               OSS a077da02 @ 2022/01/19 11:08:07 (go1.14)
webui:               http://ubuntu:8001
sql:                 postgresql://root@ubuntu:23457?sslmode=disable
client flags:        ./znbase <client cmd> --host=ubuntu:23457 --insecure
logs:                /home/yangjx/go/src/github.com/znbasedb/znbase/node2/logs
temp dir:            /home/yangjx/go/src/github.com/znbasedb/znbase/node2/znbase-temp734696872
external I/O path:   /home/yangjx/go/src/github.com/znbasedb/znbase/node2/extern
store[0]:            path=/home/yangjx/go/src/github.com/znbasedb/znbase/node2,state=ENABLE
storage engine:      rocksdb
status:              restarted pre-existing node
clusterID:           3bbb8c74-c606-434f-b2eb-5e4523c470ba
nodeID:              2
I220119 11:50:55.090133 725 security/audit/task/runner.go:216  [n2] audit_server_0697929f-791e-11ec-9e71-000c29793ffc monitor workers every 5 seconds
I220119 11:50:55.090145 724 security/audit/task/runner.go:284  [n2] audit_server_0697929f-791e-11ec-9e71-000c29793ffc init, min:3, max:30
I220119 11:50:55.090562 721 security/audit/server/audit_server.go:125  [n2] refresh audit server settings
I220119 11:50:55.464574 715 server/server_update.go:64  [n2] failed attempt to upgrade cluster version, error: node 1 not running (UNAVAILABLE), cannot determine version
I220119 11:50:55.536211 688 sql/event_log.go:235  [n2] Event: "node_restart", target: 2, info: nodeID:2, lastUp:1642593008855708409, ClusterID:3bbb8c74-c606-434f-b2eb-5e4523c470ba
I220119 11:50:56.383365 715 server/server_update.go:64  [n2] failed attempt to upgrade cluster version, error: node 1 not running (UNAVAILABLE), cannot determine version
I220119 11:50:58.317011 715 server/server_update.go:64  [n2] failed attempt to upgrade cluster version, error: node 4 not running (DEAD), cannot determine version
I220119 11:51:01.676311 87 storage/store.go:4034  [n2,s2] sstables (read amplification = 1):
6 [ 21M 4 ]: 15M 4M 2M 12K
I220119 11:51:01.676388 87 storage/store.go:4035  [n2,s2] 
** Compaction Stats [default] **
Level    Files   Size     Score Read(GB)  Rn(GB) Rnp1(GB) Write(GB) Wnew(GB) Moved(GB) W-Amp Rd(MB/s) Wr(MB/s) Comp(sec) CompMergeCPU(sec) Comp(cnt) Avg(sec) KeyIn KeyDrop
----------------------------------------------------------------------------------------------------------------------------------------------------------------------------
  L0      0/0    0.00 KB   0.0      0.0     0.0      0.0       0.0      0.0       0.0   1.0      0.0      2.2      0.32              0.00         1    0.315       0      0
  L6      4/0   20.93 MB   0.0      0.0     0.0      0.0       0.0      0.0       0.0   3.6     50.2     42.8      0.09              0.08         1    0.094     43K   7195
 Sum      4/0   20.93 MB   0.0      0.0     0.0      0.0       0.0      0.0       0.0   6.8     11.5     11.5      0.41              0.08         2    0.205     43K   7195
 Int      0/0    0.00 KB   0.0      0.0     0.0      0.0       0.0      0.0       0.0   6.8     11.5     11.5      0.41              0.08         2    0.205     43K   7195

** Compaction Stats [default] **
Priority    Files   Size     Score Read(GB)  Rn(GB) Rnp1(GB) Write(GB) Wnew(GB) Moved(GB) W-Amp Rd(MB/s) Wr(MB/s) Comp(sec) CompMergeCPU(sec) Comp(cnt) Avg(sec) KeyIn KeyDrop
-------------------------------------------------------------------------------------------------------------------------------------------------------------------------------
 Low      0/0    0.00 KB   0.0      0.0     0.0      0.0       0.0      0.0       0.0   0.0     50.2     42.8      0.09              0.08         1    0.094     43K   7195
User      0/0    0.00 KB   0.0      0.0     0.0      0.0       0.0      0.0       0.0   0.0      0.0      2.2      0.32              0.00         1    0.315       0      0
Uptime(secs): 20.9 total, 20.9 interval
Flush(GB): cumulative 0.001, interval 0.001
AddFile(GB): cumulative 0.000, interval 0.000
AddFile(Total Files): cumulative 0, interval 0
AddFile(L0 Files): cumulative 0, interval 0
AddFile(Keys): cumulative 0, interval 0
Cumulative compaction: 0.00 GB write, 0.23 MB/s write, 0.00 GB read, 0.23 MB/s read, 0.4 seconds
Interval compaction: 0.00 GB write, 0.23 MB/s write, 0.00 GB read, 0.23 MB/s read, 0.4 seconds
Stalls(count): 0 level0_slowdown, 0 level0_slowdown_with_compaction, 0 level0_numfiles, 0 level0_numfiles_with_compaction, 0 stop for pending_compaction_bytes, 0 slowdown for pending_compaction_bytes, 0 memtable_compaction, 0 memtable_slowdown, interval 0 total count
I220119 11:51:01.678070 92 server/status/runtime.go:500  [n2] runtime stats: 205 MiB RSS, 191 goroutines, 118 MiB/576 KiB/132 MiB GO alloc/idle/total, 17 MiB/23 MiB CGO alloc/total, 127.3 CGO/sec, 1.3/2.3 %(u/s)time, 0.0 %gc (0x), 395 KiB/396 KiB (r/w)net
I220119 11:51:01.854576 715 server/server_update.go:64  [n2] failed attempt to upgrade cluster version, error: node 4 not running (DEAD), cannot determine version
I220119 11:51:05.092803 721 security/audit/server/audit_server.go:125  [n2] refresh audit server settings
W220119 11:51:05.107122 94 server/node.go:876  [n2,summaries] health alerts detected: {Alerts:[{StoreID:0 Category:METRICS Description:liveness.heartbeatfailures Value:3} {StoreID:2 Category:METRICS Description:ranges.underreplicated Value:93}]}
I220119 11:51:07.557159 1195 gossip/server.go:233  [n2] received initial cluster-verification connection from ubuntu:23456
I220119 11:51:07.558430 1195 gossip/server.go:233  [n2] received initial cluster-verification connection from ubuntu:23456
I220119 11:51:07.853257 43 gossip/gossip.go:920  [n2] MaxPeers Recomputed as 3
I220119 11:51:07.853463 43 storage/stores.go:257  [n2] wrote 2 node addresses to persistent storage
I220119 11:51:07.881679 1222 vendor/github.com/znbasedb/circuitbreaker/circuitbreaker.go:447  [n2] circuitbreaker: rpc [::]:23457 [n1] event: BreakerReset
I220119 11:51:08.916680 715 server/server_update.go:64  [n2] failed attempt to upgrade cluster version, error: node 1 not running (UNAVAILABLE), cannot determine version
I220119 11:51:09.176570 1252 vendor/github.com/znbasedb/circuitbreaker/circuitbreaker.go:447  [n2] circuitbreaker: rpc [::]:23457 [n1] event: BreakerReset
I220119 11:51:11.680102 92 server/status/runtime.go:500  [n2] runtime stats: 211 MiB RSS, 230 goroutines, 139 MiB/264 KiB/156 MiB GO alloc/idle/total, 18 MiB/24 MiB CGO alloc/total, 59.5 CGO/sec, 0.9/1.7 %(u/s)time, 0.0 %gc (0x), 788 KiB/788 KiB (r/w)net
I220119 11:51:15.093192 721 security/audit/server/audit_server.go:125  [n2] refresh audit server settings
W220119 11:51:15.107488 94 server/node.go:876  [n2,summaries] health alerts detected: {Alerts:[{StoreID:2 Category:METRICS Description:ranges.underreplicated Value:93}]}
I220119 11:51:21.682528 92 server/status/runtime.go:500  [n2] runtime stats: 184 MiB RSS, 232 goroutines, 123 MiB/16 MiB/160 MiB GO alloc/idle/total, 19 MiB/26 MiB CGO alloc/total, 122.7 CGO/sec, 1.3/2.2 %(u/s)time, 0.0 %gc (1x), 1.1 MiB/1.1 MiB (r/w)net
I220119 11:51:23.516551 715 server/server_update.go:64  [n2] failed attempt to upgrade cluster version, error: node 4 not running (DEAD), cannot determine version
I220119 11:51:25.093269 721 security/audit/server/audit_server.go:125  [n2] refresh audit server settings
I220119 11:51:31.685050 92 server/status/runtime.go:500  [n2] runtime stats: 190 MiB RSS, 232 goroutines, 144 MiB/224 KiB/163 MiB GO alloc/idle/total, 19 MiB/27 MiB CGO alloc/total, 59.4 CGO/sec, 0.9/1.7 %(u/s)time, 0.0 %gc (0x), 539 KiB/539 KiB (r/w)net
W220119 11:51:34.878118 1185 vendor/google.golang.org/grpc/clientconn.go:1304  grpc: addrConn.createTransport failed to connect to {ubuntu:23456 0  <nil>}. Err :connection error: desc = "transport: Error while dialing cannot reuse client connection". Reconnecting...
W220119 11:51:34.878169 1185 vendor/google.golang.org/grpc/clientconn.go:1440  grpc: addrConn.transportMonitor exits due to: context canceled
W220119 11:51:34.878170 1222 storage/raft_transport.go:625  [n2] while processing outgoing Raft queue to node 1: rpc error: code = Unavailable desc = transport is closing:
I220119 11:51:35.093628 721 security/audit/server/audit_server.go:125  [n2] refresh audit server settings
W220119 11:51:36.180357 1256 vendor/google.golang.org/grpc/clientconn.go:1304  grpc: addrConn.createTransport failed to connect to {ubuntu:23456 0  <nil>}. Err :connection error: desc = "transport: Error while dialing cannot reuse client connection". Reconnecting...
W220119 11:51:36.180394 1252 storage/raft_transport.go:625  [n2] while processing outgoing Raft queue to node 1: rpc error: code = Unavailable desc = transport is closing:
W220119 11:51:36.180421 1256 vendor/google.golang.org/grpc/clientconn.go:1440  grpc: addrConn.transportMonitor exits due to: context canceled
I220119 11:51:41.674830 88 gossip/gossip.go:562  [n2] gossip status (ok, 3 nodes)
gossip client (1/3 cur/max conns)
  3: ubuntu:23458 (53s: infos 159/111 sent/received, bytes 25324B/59842B sent/received)
gossip server (1/3 cur/max conns, infos 309/155 sent/received, bytes 85790B/68719B sent/received)
  1: ubuntu:23456 (4s)
gossip connectivity
  n2 [sentinel];
  n1 -> n2; n2 -> n3;
I220119 11:51:41.686545 92 server/status/runtime.go:500  [n2] runtime stats: 206 MiB RSS, 230 goroutines, 89 MiB/70 MiB/183 MiB GO alloc/idle/total, 19 MiB/27 MiB CGO alloc/total, 52.9 CGO/sec, 0.8/2.0 %(u/s)time, 0.0 %gc (1x), 464 KiB/464 KiB (r/w)net
I220119 11:51:45.094483 721 security/audit/server/audit_server.go:125  [n2] refresh audit server settings
I220119 11:51:51.688298 92 server/status/runtime.go:500  [n2] runtime stats: 207 MiB RSS, 228 goroutines, 113 MiB/51 MiB/183 MiB GO alloc/idle/total, 19 MiB/27 MiB CGO alloc/total, 73.0 CGO/sec, 1.0/2.3 %(u/s)time, 0.0 %gc (0x), 964 KiB/964 KiB (r/w)net
I220119 11:51:55.095200 721 security/audit/server/audit_server.go:125  [n2] refresh audit server settings
I220119 11:51:56.505949 715 server/server_update.go:64  [n2] failed attempt to upgrade cluster version, error: node 4 not running (DEAD), cannot determine version
I220119 11:52:01.690841 92 server/status/runtime.go:500  [n2] runtime stats: 209 MiB RSS, 228 goroutines, 135 MiB/30 MiB/183 MiB GO alloc/idle/total, 19 MiB/27 MiB CGO alloc/total, 60.3 CGO/sec, 1.1/1.7 %(u/s)time, 0.0 %gc (0x), 1.4 MiB/1.4 MiB (r/w)net
W220119 11:52:04.993387 1680 vendor/google.golang.org/grpc/clientconn.go:1304  grpc: addrConn.createTransport failed to connect to {ubuntu:23456 0  <nil>}. Err :connection error: desc = "transport: Error while dialing cannot reuse client connection". Reconnecting...
W220119 11:52:04.993444 1666 storage/raft_transport.go:625  [n2] while processing outgoing Raft queue to node 1: rpc error: code = Unavailable desc = transport is closing:
W220119 11:52:04.993491 1680 vendor/google.golang.org/grpc/clientconn.go:1440  grpc: addrConn.transportMonitor exits due to: context canceled
I220119 11:52:05.095914 721 security/audit/server/audit_server.go:125  [n2] refresh audit server settings
W220119 11:52:06.281112 1726 storage/raft_transport.go:625  [n2] while processing outgoing Raft queue to node 1: rpc error: code = Unavailable desc = transport is closing:
W220119 11:52:06.281207 1728 vendor/google.golang.org/grpc/clientconn.go:1304  grpc: addrConn.createTransport failed to connect to {ubuntu:23456 0  <nil>}. Err :connection error: desc = "transport: Error while dialing cannot reuse client connection". Reconnecting...
W220119 11:52:06.281274 1728 vendor/google.golang.org/grpc/clientconn.go:1440  grpc: addrConn.transportMonitor exits due to: context canceled
I220119 11:52:11.076677 2192 vendor/github.com/znbasedb/circuitbreaker/circuitbreaker.go:322  [n2] circuitbreaker: rpc [::]:23457 [n1] tripped: failed to connect to n1 at ubuntu:23456: initial connection heartbeat failed: rpc error: code = DeadlineExceeded desc = context deadline exceeded
I220119 11:52:11.076689 2230 rpc/nodedialer/nodedialer.go:149  [n2] unable to connect to n1: failed to connect to n1 at ubuntu:23456: initial connection heartbeat failed: rpc error: code = DeadlineExceeded desc = context deadline exceeded
I220119 11:52:11.076701 2192 vendor/github.com/znbasedb/circuitbreaker/circuitbreaker.go:447  [n2] circuitbreaker: rpc [::]:23457 [n1] event: BreakerTripped
W220119 11:52:11.078750 2126 vendor/google.golang.org/grpc/clientconn.go:1304  grpc: addrConn.createTransport failed to connect to {ubuntu:23456 0  <nil>}. Err :connection error: desc = "transport: Error while dialing cannot reuse client connection". Reconnecting...
W220119 11:52:11.078793 2126 vendor/google.golang.org/grpc/clientconn.go:1440  grpc: addrConn.transportMonitor exits due to: context canceled
I220119 11:52:11.692578 92 server/status/runtime.go:500  [n2] runtime stats: 214 MiB RSS, 206 goroutines, 155 MiB/11 MiB/184 MiB GO alloc/idle/total, 19 MiB/27 MiB CGO alloc/total, 39.8 CGO/sec, 0.9/1.7 %(u/s)time, 0.0 %gc (0x), 170 KiB/170 KiB (r/w)net
I220119 11:52:12.375859 2231 vendor/github.com/znbasedb/circuitbreaker/circuitbreaker.go:322  [n2] circuitbreaker: rpc [::]:23457 [n1] tripped: failed to connect to n1 at ubuntu:23456: initial connection heartbeat failed: rpc error: code = DeadlineExceeded desc = context deadline exceeded
I220119 11:52:12.375872 2231 vendor/github.com/znbasedb/circuitbreaker/circuitbreaker.go:447  [n2] circuitbreaker: rpc [::]:23457 [n1] event: BreakerTripped
I220119 11:52:12.375887 2231 rpc/nodedialer/nodedialer.go:149  [n2] unable to connect to n1: failed to connect to n1 at ubuntu:23456: initial connection heartbeat failed: rpc error: code = DeadlineExceeded desc = context deadline exceeded
W220119 11:52:12.378034 2233 vendor/google.golang.org/grpc/clientconn.go:1304  grpc: addrConn.createTransport failed to connect to {ubuntu:23456 0  <nil>}. Err :connection error: desc = "transport: Error while dialing cannot reuse client connection". Reconnecting...
W220119 11:52:12.378100 2233 vendor/google.golang.org/grpc/clientconn.go:1440  grpc: addrConn.transportMonitor exits due to: context canceled
I220119 11:52:15.096699 721 security/audit/server/audit_server.go:125  [n2] refresh audit server settings
W220119 11:52:15.108408 94 server/node.go:876  [n2,summaries] health alerts detected: {Alerts:[{StoreID:2 Category:METRICS Description:ranges.underreplicated Value:93}]}
W220119 11:52:17.677571 2300 vendor/google.golang.org/grpc/clientconn.go:1304  grpc: addrConn.createTransport failed to connect to {ubuntu:23456 0  <nil>}. Err :connection error: desc = "transport: Error while dialing cannot reuse client connection". Reconnecting...
W220119 11:52:17.677610 2300 vendor/google.golang.org/grpc/clientconn.go:1440  grpc: addrConn.transportMonitor exits due to: context canceled
W220119 11:52:19.275746 2376 vendor/google.golang.org/grpc/clientconn.go:1304  grpc: addrConn.createTransport failed to connect to {ubuntu:23456 0  <nil>}. Err :connection error: desc = "transport: Error while dialing cannot reuse client connection". Reconnecting...
W220119 11:52:19.275770 2376 vendor/google.golang.org/grpc/clientconn.go:1440  grpc: addrConn.transportMonitor exits due to: context canceled
I220119 11:52:21.694528 92 server/status/runtime.go:500  [n2] runtime stats: 219 MiB RSS, 207 goroutines, 96 MiB/68 MiB/188 MiB GO alloc/idle/total, 19 MiB/27 MiB CGO alloc/total, 34.4 CGO/sec, 1.3/1.6 %(u/s)time, 0.0 %gc (1x), 188 KiB/188 KiB (r/w)net
W220119 11:52:24.476995 2439 vendor/google.golang.org/grpc/clientconn.go:1304  grpc: addrConn.createTransport failed to connect to {ubuntu:23456 0  <nil>}. Err :connection error: desc = "transport: Error while dialing cannot reuse client connection". Reconnecting...
W220119 11:52:24.477035 2439 vendor/google.golang.org/grpc/clientconn.go:1440  grpc: addrConn.transportMonitor exits due to: context canceled
I220119 11:52:25.097368 721 security/audit/server/audit_server.go:125  [n2] refresh audit server settings
W220119 11:52:25.108151 94 server/node.go:876  [n2,summaries] health alerts detected: {Alerts:[{StoreID:2 Category:METRICS Description:ranges.underreplicated Value:93}]}
W220119 11:52:26.076658 2488 vendor/google.golang.org/grpc/clientconn.go:1304  grpc: addrConn.createTransport failed to connect to {ubuntu:23456 0  <nil>}. Err :connection error: desc = "transport: Error while dialing cannot reuse client connection". Reconnecting...
W220119 11:52:26.076674 2488 vendor/google.golang.org/grpc/clientconn.go:1440  grpc: addrConn.transportMonitor exits due to: grpc: the connection is closing
I220119 11:52:27.955489 715 server/server_update.go:64  [n2] failed attempt to upgrade cluster version, error: node 1 not running (UNAVAILABLE), cannot determine version
I220119 11:52:31.110543 2497 vendor/github.com/znbasedb/circuitbreaker/circuitbreaker.go:322  [n2] circuitbreaker: rpc [::]:23457 [n1] tripped: failed to connect to n1 at ubuntu:23456: initial connection heartbeat failed: rpc error: code = DeadlineExceeded desc = context deadline exceeded
I220119 11:52:31.110555 2497 vendor/github.com/znbasedb/circuitbreaker/circuitbreaker.go:447  [n2] circuitbreaker: rpc [::]:23457 [n1] event: BreakerTripped
W220119 11:52:31.111222 2567 vendor/google.golang.org/grpc/clientconn.go:1304  grpc: addrConn.createTransport failed to connect to {ubuntu:23456 0  <nil>}. Err :connection error: desc = "transport: Error while dialing cannot reuse client connection". Reconnecting...
W220119 11:52:31.111252 2567 vendor/google.golang.org/grpc/clientconn.go:1440  grpc: addrConn.transportMonitor exits due to: context canceled
I220119 11:52:31.696641 92 server/status/runtime.go:500  [n2] runtime stats: 220 MiB RSS, 200 goroutines, 117 MiB/50 MiB/188 MiB GO alloc/idle/total, 19 MiB/27 MiB CGO alloc/total, 29.4 CGO/sec, 0.9/1.7 %(u/s)time, 0.0 %gc (0x), 157 KiB/157 KiB (r/w)net
W220119 11:52:32.676768 2591 vendor/google.golang.org/grpc/clientconn.go:1304  grpc: addrConn.createTransport failed to connect to {ubuntu:23456 0  <nil>}. Err :connection error: desc = "transport: Error while dialing cannot reuse client connection". Reconnecting...
W220119 11:52:32.676792 2591 vendor/google.golang.org/grpc/clientconn.go:1440  grpc: addrConn.transportMonitor exits due to: context canceled
I220119 11:52:35.098007 721 security/audit/server/audit_server.go:125  [n2] refresh audit server settings
W220119 11:52:35.114479 94 server/node.go:876  [n2,summaries] health alerts detected: {Alerts:[{StoreID:2 Category:METRICS Description:ranges.underreplicated Value:93}]}
W220119 11:52:39.875650 2655 vendor/google.golang.org/grpc/clientconn.go:1304  grpc: addrConn.createTransport failed to connect to {ubuntu:23456 0  <nil>}. Err :connection error: desc = "transport: Error while dialing cannot reuse client connection". Reconnecting...
W220119 11:52:39.875679 2655 vendor/google.golang.org/grpc/clientconn.go:1440  grpc: addrConn.transportMonitor exits due to: context canceled
I220119 11:52:41.111679 2668 vendor/github.com/znbasedb/circuitbreaker/circuitbreaker.go:322  [n2] circuitbreaker: rpc [::]:23457 [n1] tripped: failed to connect to n1 at ubuntu:23456: initial connection heartbeat failed: rpc error: code = DeadlineExceeded desc = context deadline exceeded
I220119 11:52:41.111689 2668 vendor/github.com/znbasedb/circuitbreaker/circuitbreaker.go:447  [n2] circuitbreaker: rpc [::]:23457 [n1] event: BreakerTripped
W220119 11:52:41.113718 2745 vendor/google.golang.org/grpc/clientconn.go:1304  grpc: addrConn.createTransport failed to connect to {ubuntu:23456 0  <nil>}. Err :connection error: desc = "transport: Error while dialing cannot reuse client connection". Reconnecting...
W220119 11:52:41.113779 2745 vendor/google.golang.org/grpc/clientconn.go:1440  grpc: addrConn.transportMonitor exits due to: context canceled
I220119 11:52:41.675124 88 gossip/gossip.go:562  [n2] gossip status (ok, 3 nodes)
gossip client (1/3 cur/max conns)
  3: ubuntu:23458 (1m53s: infos 287/204 sent/received, bytes 42136B/75140B sent/received)
gossip server (0/3 cur/max conns, infos 526/261 sent/received, bytes 114160B/86147B sent/received)
gossip connectivity
  n2 [sentinel];
  n2 -> n3;
I220119 11:52:41.698732 92 server/status/runtime.go:500  [n2] runtime stats: 220 MiB RSS, 200 goroutines, 137 MiB/32 MiB/188 MiB GO alloc/idle/total, 19 MiB/27 MiB CGO alloc/total, 33.9 CGO/sec, 1.1/1.3 %(u/s)time, 0.0 %gc (0x), 148 KiB/148 KiB (r/w)net
I220119 11:52:45.098423 721 security/audit/server/audit_server.go:125  [n2] refresh audit server settings
W220119 11:52:45.111282 94 server/node.go:876  [n2,summaries] health alerts detected: {Alerts:[{StoreID:2 Category:METRICS Description:ranges.underreplicated Value:93}]}
W220119 11:52:47.276084 2767 vendor/google.golang.org/grpc/clientconn.go:1304  grpc: addrConn.createTransport failed to connect to {ubuntu:23456 0  <nil>}. Err :connection error: desc = "transport: Error while dialing cannot reuse client connection". Reconnecting...
W220119 11:52:47.276112 2767 vendor/google.golang.org/grpc/clientconn.go:1440  grpc: addrConn.transportMonitor exits due to: context canceled
I220119 11:52:51.112034 2861 vendor/github.com/znbasedb/circuitbreaker/circuitbreaker.go:322  [n2] circuitbreaker: rpc [::]:23457 [n1] tripped: failed to connect to n1 at ubuntu:23456: initial connection heartbeat failed: rpc error: code = DeadlineExceeded desc = context deadline exceeded
I220119 11:52:51.112046 2861 vendor/github.com/znbasedb/circuitbreaker/circuitbreaker.go:447  [n2] circuitbreaker: rpc [::]:23457 [n1] event: BreakerTripped
W220119 11:52:51.115166 2814 vendor/google.golang.org/grpc/clientconn.go:1304  grpc: addrConn.createTransport failed to connect to {ubuntu:23456 0  <nil>}. Err :connection error: desc = "transport: Error while dialing cannot reuse client connection". Reconnecting...
W220119 11:52:51.115230 2814 vendor/google.golang.org/grpc/clientconn.go:1440  grpc: addrConn.transportMonitor exits due to: context canceled
I220119 11:52:51.701833 92 server/status/runtime.go:500  [n2] runtime stats: 221 MiB RSS, 199 goroutines, 157 MiB/12 MiB/188 MiB GO alloc/idle/total, 19 MiB/27 MiB CGO alloc/total, 31.3 CGO/sec, 0.9/1.7 %(u/s)time, 0.0 %gc (0x), 766 KiB/766 KiB (r/w)net
I220119 11:52:53.776911 715 server/server_update.go:64  [n2] failed attempt to upgrade cluster version, error: node 1 not running (UNAVAILABLE), cannot determine version
I220119 11:52:55.098938 721 security/audit/server/audit_server.go:125  [n2] refresh audit server settings
W220119 11:52:55.113915 94 server/node.go:876  [n2,summaries] health alerts detected: {Alerts:[{StoreID:2 Category:METRICS Description:ranges.underreplicated Value:93}]}
I220119 11:52:56.527705 3044 vendor/github.com/znbasedb/circuitbreaker/circuitbreaker.go:447  [n2] circuitbreaker: rpc [::]:23457 [n1] event: BreakerReset
I220119 11:52:59.174246 3134 vendor/github.com/znbasedb/circuitbreaker/circuitbreaker.go:447  [n2] circuitbreaker: rpc [::]:23457 [n1] event: BreakerReset
I220119 11:53:01.703924 92 server/status/runtime.go:500  [n2] runtime stats: 227 MiB RSS, 225 goroutines, 98 MiB/70 MiB/192 MiB GO alloc/idle/total, 27 MiB/35 MiB CGO alloc/total, 41.2 CGO/sec, 1.1/1.8 %(u/s)time, 0.0 %gc (1x), 2.5 MiB/2.5 MiB (r/w)net
I220119 11:53:05.100018 721 security/audit/server/audit_server.go:125  [n2] refresh audit server settings
W220119 11:53:05.107243 94 server/node.go:876  [n2,summaries] health alerts detected: {Alerts:[{StoreID:2 Category:METRICS Description:ranges.underreplicated Value:93}]}
I220119 11:53:11.705837 92 server/status/runtime.go:500  [n2] runtime stats: 228 MiB RSS, 225 goroutines, 119 MiB/52 MiB/192 MiB GO alloc/idle/total, 27 MiB/35 MiB CGO alloc/total, 31.3 CGO/sec, 0.9/1.7 %(u/s)time, 0.0 %gc (0x), 513 KiB/512 KiB (r/w)net
I220119 11:53:15.100917 721 security/audit/server/audit_server.go:125  [n2] refresh audit server settings
W220119 11:53:15.107427 94 server/node.go:876  [n2,summaries] health alerts detected: {Alerts:[{StoreID:2 Category:METRICS Description:ranges.underreplicated Value:93} {StoreID:0 Category:METRICS Description:round-trip-latency-p90 Value:1.040187391e+09}]}
I220119 11:53:21.708292 92 server/status/runtime.go:500  [n2] runtime stats: 228 MiB RSS, 229 goroutines, 141 MiB/31 MiB/192 MiB GO alloc/idle/total, 27 MiB/35 MiB CGO alloc/total, 38.5 CGO/sec, 1.1/1.7 %(u/s)time, 0.0 %gc (0x), 605 KiB/604 KiB (r/w)net
I220119 11:53:24.746081 715 server/server_update.go:64  [n2] failed attempt to upgrade cluster version, error: node 4 not running (DEAD), cannot determine version
I220119 11:53:25.101721 721 security/audit/server/audit_server.go:125  [n2] refresh audit server settings
W220119 11:53:25.108846 94 server/node.go:876  [n2,summaries] health alerts detected: {Alerts:[{StoreID:0 Category:METRICS Description:round-trip-latency-p90 Value:1.040187391e+09}]}
W220119 11:53:26.763295 3044 storage/raft_transport.go:625  [n2] while processing outgoing Raft queue to node 1: rpc error: code = Unavailable desc = transport is closing:
W220119 11:53:26.763383 3020 vendor/google.golang.org/grpc/clientconn.go:1304  grpc: addrConn.createTransport failed to connect to {ubuntu:23456 0  <nil>}. Err :connection error: desc = "transport: Error while dialing cannot reuse client connection". Reconnecting...
W220119 11:53:26.763460 3020 vendor/google.golang.org/grpc/clientconn.go:1440  grpc: addrConn.transportMonitor exits due to: context canceled
W220119 11:53:27.783449 2941 vendor/google.golang.org/grpc/clientconn.go:1304  grpc: addrConn.createTransport failed to connect to {ubuntu:23456 0  <nil>}. Err :connection error: desc = "transport: Error while dialing cannot reuse client connection". Reconnecting...
W220119 11:53:27.783473 2941 vendor/google.golang.org/grpc/clientconn.go:1440  grpc: addrConn.transportMonitor exits due to: grpc: the connection is closing
W220119 11:53:27.783477 3134 storage/raft_transport.go:625  [n2] while processing outgoing Raft queue to node 1: rpc error: code = Canceled desc = context canceled:
I220119 11:53:31.710924 92 server/status/runtime.go:500  [n2] runtime stats: 229 MiB RSS, 209 goroutines, 162 MiB/12 MiB/192 MiB GO alloc/idle/total, 27 MiB/35 MiB CGO alloc/total, 28.8 CGO/sec, 1.1/1.4 %(u/s)time, 0.0 %gc (0x), 344 KiB/344 KiB (r/w)net
I220119 11:53:32.787284 3494 vendor/github.com/znbasedb/circuitbreaker/circuitbreaker.go:322  [n2] circuitbreaker: rpc [::]:23457 [n1] tripped: failed to connect to n1 at ubuntu:23456: initial connection heartbeat failed: rpc error: code = DeadlineExceeded desc = context deadline exceeded
I220119 11:53:32.787294 3494 vendor/github.com/znbasedb/circuitbreaker/circuitbreaker.go:447  [n2] circuitbreaker: rpc [::]:23457 [n1] event: BreakerTripped
I220119 11:53:32.787302 3494 rpc/nodedialer/nodedialer.go:149  [ct-client] unable to connect to n1: failed to connect to n1 at ubuntu:23456: initial connection heartbeat failed: rpc error: code = DeadlineExceeded desc = context deadline exceeded
W220119 11:53:32.788292 3439 vendor/google.golang.org/grpc/clientconn.go:1304  grpc: addrConn.createTransport failed to connect to {ubuntu:23456 0  <nil>}. Err :connection error: desc = "transport: Error while dialing cannot reuse client connection". Reconnecting...
W220119 11:53:32.788314 3439 vendor/google.golang.org/grpc/clientconn.go:1440  grpc: addrConn.transportMonitor exits due to: context canceled
I220119 11:53:33.975382 3518 vendor/github.com/znbasedb/circuitbreaker/circuitbreaker.go:322  [n2] circuitbreaker: rpc [::]:23457 [n1] tripped: failed to connect to n1 at ubuntu:23456: initial connection heartbeat failed: rpc error: code = DeadlineExceeded desc = context deadline exceeded
I220119 11:53:33.975411 3518 vendor/github.com/znbasedb/circuitbreaker/circuitbreaker.go:447  [n2] circuitbreaker: rpc [::]:23457 [n1] event: BreakerTripped
I220119 11:53:33.975423 3518 rpc/nodedialer/nodedialer.go:149  [n2] unable to connect to n1: failed to connect to n1 at ubuntu:23456: initial connection heartbeat failed: rpc error: code = DeadlineExceeded desc = context deadline exceeded
W220119 11:53:33.976797 3520 vendor/google.golang.org/grpc/clientconn.go:1304  grpc: addrConn.createTransport failed to connect to {ubuntu:23456 0  <nil>}. Err :connection error: desc = "transport: Error while dialing cannot reuse client connection". Reconnecting...
W220119 11:53:33.976889 3520 vendor/google.golang.org/grpc/clientconn.go:1440  grpc: addrConn.transportMonitor exits due to: context canceled
I220119 11:53:35.101859 721 security/audit/server/audit_server.go:125  [n2] refresh audit server settings
W220119 11:53:35.108567 94 server/node.go:876  [n2,summaries] health alerts detected: {Alerts:[{StoreID:2 Category:METRICS Description:ranges.underreplicated Value:93}]}
W220119 11:53:40.775751 3583 vendor/google.golang.org/grpc/clientconn.go:1304  grpc: addrConn.createTransport failed to connect to {ubuntu:23456 0  <nil>}. Err :connection error: desc = "transport: Error while dialing cannot reuse client connection". Reconnecting...
W220119 11:53:40.775810 3583 vendor/google.golang.org/grpc/clientconn.go:1440  grpc: addrConn.transportMonitor exits due to: context canceled
W220119 11:53:41.111414 3642 vendor/google.golang.org/grpc/clientconn.go:1304  grpc: addrConn.createTransport failed to connect to {ubuntu:23456 0  <nil>}. Err :connection error: desc = "transport: Error while dialing cannot reuse client connection". Reconnecting...
W220119 11:53:41.111436 3642 vendor/google.golang.org/grpc/clientconn.go:1440  grpc: addrConn.transportMonitor exits due to: context canceled
I220119 11:53:41.674762 88 gossip/gossip.go:562  [n2] gossip status (ok, 3 nodes)
gossip client (1/3 cur/max conns)
  3: ubuntu:23458 (2m53s: infos 418/299 sent/received, bytes 59639B/90856B sent/received)
gossip server (0/3 cur/max conns, infos 780/383 sent/received, bytes 146943B/106042B sent/received)
I220119 11:53:41.712752 92 server/status/runtime.go:500  [n2] runtime stats: 233 MiB RSS, 199 goroutines, 96 MiB/75 MiB/195 MiB GO alloc/idle/total, 27 MiB/35 MiB CGO alloc/total, 32.7 CGO/sec, 1.0/1.5 %(u/s)time, 0.0 %gc (1x), 146 KiB/146 KiB (r/w)net
I220119 11:53:44.039021 3743 vendor/github.com/znbasedb/circuitbreaker/circuitbreaker.go:447  [n2] circuitbreaker: rpc [::]:23457 [n1] event: BreakerReset
W220119 11:53:45.106892 94 server/node.go:876  [n2,summaries] health alerts detected: {Alerts:[{StoreID:2 Category:METRICS Description:ranges.underreplicated Value:93}]}
I220119 11:53:45.107705 721 security/audit/server/audit_server.go:125  [n2] refresh audit server settings
I220119 11:53:45.107901 3797 vendor/github.com/znbasedb/circuitbreaker/circuitbreaker.go:447  [n2] circuitbreaker: rpc [::]:23457 [n1] event: BreakerReset
W220119 11:53:50.677171 3702 vendor/google.golang.org/grpc/clientconn.go:1304  grpc: addrConn.createTransport failed to connect to {ubuntu:23456 0  <nil>}. Err :connection error: desc = "transport: Error while dialing cannot reuse client connection". Reconnecting...
W220119 11:53:50.677254 3743 storage/raft_transport.go:625  [n2] while processing outgoing Raft queue to node 1: EOF:
W220119 11:53:50.677330 3702 vendor/google.golang.org/grpc/clientconn.go:1440  grpc: addrConn.transportMonitor exits due to: context canceled
W220119 11:53:50.801277 3711 vendor/google.golang.org/grpc/clientconn.go:1304  grpc: addrConn.createTransport failed to connect to {ubuntu:23456 0  <nil>}. Err :connection error: desc = "transport: Error while dialing cannot reuse client connection". Reconnecting...
W220119 11:53:50.801309 3711 vendor/google.golang.org/grpc/clientconn.go:1440  grpc: addrConn.transportMonitor exits due to: context canceled
W220119 11:53:50.801327 3797 storage/raft_transport.go:625  [n2] while processing outgoing Raft queue to node 1: rpc error: code = Unavailable desc = transport is closing:
I220119 11:53:51.715088 92 server/status/runtime.go:500  [n2] runtime stats: 233 MiB RSS, 205 goroutines, 116 MiB/58 MiB/195 MiB GO alloc/idle/total, 27 MiB/35 MiB CGO alloc/total, 34.6 CGO/sec, 1.1/1.3 %(u/s)time, 0.0 %gc (0x), 275 KiB/275 KiB (r/w)net
I220119 11:53:54.730978 715 server/server_update.go:64  [n2] failed attempt to upgrade cluster version, error: node 4 not running (DEAD), cannot determine version
I220119 11:53:55.108237 721 security/audit/server/audit_server.go:125  [n2] refresh audit server settings
W220119 11:53:55.110951 94 server/node.go:876  [n2,summaries] health alerts detected: {Alerts:[{StoreID:2 Category:METRICS Description:ranges.underreplicated Value:93}]}
I220119 11:53:56.874763 3879 vendor/github.com/znbasedb/circuitbreaker/circuitbreaker.go:322  [n2] circuitbreaker: rpc [::]:23457 [n1] tripped: failed to connect to n1 at ubuntu:23456: initial connection heartbeat failed: rpc error: code = DeadlineExceeded desc = context deadline exceeded
I220119 11:53:56.874777 3879 vendor/github.com/znbasedb/circuitbreaker/circuitbreaker.go:447  [n2] circuitbreaker: rpc [::]:23457 [n1] event: BreakerTripped
W220119 11:53:56.875430 3807 vendor/google.golang.org/grpc/clientconn.go:1304  grpc: addrConn.createTransport failed to connect to {ubuntu:23456 0  <nil>}. Err :connection error: desc = "transport: Error while dialing cannot reuse client connection". Reconnecting...
W220119 11:53:56.875454 3807 vendor/google.golang.org/grpc/clientconn.go:1440  grpc: addrConn.transportMonitor exits due to: context canceled
I220119 11:53:58.378483 3873 vendor/github.com/znbasedb/circuitbreaker/circuitbreaker.go:322  [n2] circuitbreaker: rpc [::]:23457 [n1] tripped: failed to connect to n1 at ubuntu:23456: initial connection heartbeat failed: rpc error: code = DeadlineExceeded desc = context deadline exceeded
I220119 11:53:58.378503 3873 vendor/github.com/znbasedb/circuitbreaker/circuitbreaker.go:447  [n2] circuitbreaker: rpc [::]:23457 [n1] event: BreakerTripped
W220119 11:53:58.381550 3908 vendor/google.golang.org/grpc/clientconn.go:1304  grpc: addrConn.createTransport failed to connect to {ubuntu:23456 0  <nil>}. Err :connection error: desc = "transport: Error while dialing cannot reuse client connection". Reconnecting...
W220119 11:53:58.381613 3908 vendor/google.golang.org/grpc/clientconn.go:1440  grpc: addrConn.transportMonitor exits due to: context canceled
I220119 11:54:01.717118 92 server/status/runtime.go:500  [n2] runtime stats: 234 MiB RSS, 207 goroutines, 140 MiB/36 MiB/195 MiB GO alloc/idle/total, 27 MiB/35 MiB CGO alloc/total, 40.0 CGO/sec, 0.9/1.8 %(u/s)time, 0.0 %gc (0x), 265 KiB/265 KiB (r/w)net
W220119 11:54:03.975474 3993 vendor/google.golang.org/grpc/clientconn.go:1304  grpc: addrConn.createTransport failed to connect to {ubuntu:23456 0  <nil>}. Err :connection error: desc = "transport: Error while dialing cannot reuse client connection". Reconnecting...
W220119 11:54:03.975550 3993 vendor/google.golang.org/grpc/clientconn.go:1440  grpc: addrConn.transportMonitor exits due to: context canceled
I220119 11:54:05.109211 721 security/audit/server/audit_server.go:125  [n2] refresh audit server settings
W220119 11:54:05.110391 94 server/node.go:876  [n2,summaries] health alerts detected: {Alerts:[{StoreID:2 Category:METRICS Description:ranges.underreplicated Value:93}]}
W220119 11:54:05.678446 4056 vendor/google.golang.org/grpc/clientconn.go:1304  grpc: addrConn.createTransport failed to connect to {ubuntu:23456 0  <nil>}. Err :connection error: desc = "transport: Error while dialing cannot reuse client connection". Reconnecting...
W220119 11:54:05.678501 4056 vendor/google.golang.org/grpc/clientconn.go:1440  grpc: addrConn.transportMonitor exits due to: context canceled
W220119 11:54:11.476311 4112 vendor/google.golang.org/grpc/clientconn.go:1304  grpc: addrConn.createTransport failed to connect to {ubuntu:23456 0  <nil>}. Err :connection error: desc = "transport: Error while dialing cannot reuse client connection". Reconnecting...
W220119 11:54:11.476371 4112 vendor/google.golang.org/grpc/clientconn.go:1440  grpc: addrConn.transportMonitor exits due to: context canceled
I220119 11:54:11.719363 92 server/status/runtime.go:500  [n2] runtime stats: 235 MiB RSS, 198 goroutines, 159 MiB/18 MiB/195 MiB GO alloc/idle/total, 27 MiB/35 MiB CGO alloc/total, 32.7 CGO/sec, 0.9/1.6 %(u/s)time, 0.0 %gc (0x), 145 KiB/145 KiB (r/w)net
W220119 11:54:15.109546 94 server/node.go:876  [n2,summaries] health alerts detected: {Alerts:[{StoreID:2 Category:METRICS Description:ranges.underreplicated Value:93}]}
I220119 11:54:15.110278 721 security/audit/server/audit_server.go:125  [n2] refresh audit server settings
I220119 11:54:15.558828 4198 vendor/github.com/znbasedb/circuitbreaker/circuitbreaker.go:447  [n2] circuitbreaker: rpc [::]:23457 [n1] event: BreakerReset
I220119 11:54:15.594271 4307 vendor/github.com/znbasedb/circuitbreaker/circuitbreaker.go:447  [n2] circuitbreaker: rpc [::]:23457 [n1] event: BreakerReset
W220119 11:54:21.576535 4202 vendor/google.golang.org/grpc/clientconn.go:1304  grpc: addrConn.createTransport failed to connect to {ubuntu:23456 0  <nil>}. Err :connection error: desc = "transport: Error while dialing cannot reuse client connection". Reconnecting...
W220119 11:54:21.576550 4202 vendor/google.golang.org/grpc/clientconn.go:1440  grpc: addrConn.transportMonitor exits due to: grpc: the connection is closing
W220119 11:54:21.576536 4198 storage/raft_transport.go:625  [n2] while processing outgoing Raft queue to node 1: rpc error: code = Unavailable desc = transport is closing:
I220119 11:54:21.721959 92 server/status/runtime.go:500  [n2] runtime stats: 236 MiB RSS, 222 goroutines, 97 MiB/73 MiB/195 MiB GO alloc/idle/total, 27 MiB/35 MiB CGO alloc/total, 33.0 CGO/sec, 1.0/1.9 %(u/s)time, 0.0 %gc (1x), 538 KiB/538 KiB (r/w)net
I220119 11:54:21.820021 715 server/server_update.go:64  [n2] failed attempt to upgrade cluster version, error: node 4 not running (DEAD), cannot determine version
W220119 11:54:24.480268 4165 vendor/google.golang.org/grpc/clientconn.go:1304  grpc: addrConn.createTransport failed to connect to {ubuntu:23456 0  <nil>}. Err :connection error: desc = "transport: Error while dialing cannot reuse client connection". Reconnecting...
W220119 11:54:24.480364 4307 storage/raft_transport.go:625  [n2] while processing outgoing Raft queue to node 1: rpc error: code = Unavailable desc = transport is closing:
W220119 11:54:24.480389 4165 vendor/google.golang.org/grpc/clientconn.go:1440  grpc: addrConn.transportMonitor exits due to: context canceled
W220119 11:54:25.107412 94 server/node.go:876  [n2,summaries] health alerts detected: {Alerts:[{StoreID:2 Category:METRICS Description:ranges.underreplicated Value:93}]}
I220119 11:54:25.110475 721 security/audit/server/audit_server.go:125  [n2] refresh audit server settings
I220119 11:54:27.677085 4334 vendor/github.com/znbasedb/circuitbreaker/circuitbreaker.go:322  [n2] circuitbreaker: rpc [::]:23457 [n1] tripped: failed to connect to n1 at ubuntu:23456: initial connection heartbeat failed: rpc error: code = DeadlineExceeded desc = context deadline exceeded
I220119 11:54:27.677097 4334 vendor/github.com/znbasedb/circuitbreaker/circuitbreaker.go:447  [n2] circuitbreaker: rpc [::]:23457 [n1] event: BreakerTripped
W220119 11:54:27.677954 4301 vendor/google.golang.org/grpc/clientconn.go:1304  grpc: addrConn.createTransport failed to connect to {ubuntu:23456 0  <nil>}. Err :connection error: desc = "transport: Error while dialing cannot reuse client connection". Reconnecting...
W220119 11:54:27.677997 4301 vendor/google.golang.org/grpc/clientconn.go:1440  grpc: addrConn.transportMonitor exits due to: context canceled
W220119 11:54:30.589384 4429 vendor/google.golang.org/grpc/clientconn.go:1304  grpc: addrConn.createTransport failed to connect to {ubuntu:23456 0  <nil>}. Err :connection error: desc = "transport: Error while dialing cannot reuse client connection". Reconnecting...
W220119 11:54:30.589412 4429 vendor/google.golang.org/grpc/clientconn.go:1440  grpc: addrConn.transportMonitor exits due to: context canceled
I220119 11:54:31.724524 92 server/status/runtime.go:500  [n2] runtime stats: 237 MiB RSS, 200 goroutines, 118 MiB/56 MiB/195 MiB GO alloc/idle/total, 27 MiB/35 MiB CGO alloc/total, 34.5 CGO/sec, 0.9/1.7 %(u/s)time, 0.0 %gc (0x), 195 KiB/195 KiB (r/w)net
I220119 11:54:35.075796 4447 rpc/nodedialer/nodedialer.go:149  [n2] unable to connect to n1: failed to connect to n1 at ubuntu:23456: initial connection heartbeat failed: rpc error: code = DeadlineExceeded desc = context deadline exceeded
W220119 11:54:35.076454 4443 vendor/google.golang.org/grpc/clientconn.go:1304  grpc: addrConn.createTransport failed to connect to {ubuntu:23456 0  <nil>}. Err :connection error: desc = "transport: Error while dialing cannot reuse client connection". Reconnecting...
W220119 11:54:35.076474 4443 vendor/google.golang.org/grpc/clientconn.go:1440  grpc: addrConn.transportMonitor exits due to: context canceled
W220119 11:54:35.107674 94 server/node.go:876  [n2,summaries] health alerts detected: {Alerts:[{StoreID:2 Category:METRICS Description:ranges.underreplicated Value:93}]}
I220119 11:54:35.110571 721 security/audit/server/audit_server.go:125  [n2] refresh audit server settings
W220119 11:54:37.067431 4479 vendor/google.golang.org/grpc/clientconn.go:1304  grpc: addrConn.createTransport failed to connect to {ubuntu:23456 0  <nil>}. Err :connection error: desc = "transport: Error while dialing cannot reuse client connection". Reconnecting...
W220119 11:54:37.067451 4627 vendor/google.golang.org/grpc/clientconn.go:1304  grpc: addrConn.createTransport failed to connect to {ubuntu:23456 0  <nil>}. Err :connection error: desc = "transport: Error while dialing cannot reuse client connection". Reconnecting...
W220119 11:54:37.067594 4627 vendor/google.golang.org/grpc/clientconn.go:1440  grpc: addrConn.transportMonitor exits due to: context canceled
W220119 11:54:37.067672 4479 vendor/google.golang.org/grpc/clientconn.go:1440  grpc: addrConn.transportMonitor exits due to: context canceled
W220119 11:54:37.675362 4637 vendor/google.golang.org/grpc/clientconn.go:1304  grpc: addrConn.createTransport failed to connect to {ubuntu:23456 0  <nil>}. Err :connection error: desc = "transport: Error while dialing dial tcp 127.0.1.1:23456: connect: connection refused". Reconnecting...
W220119 11:54:38.675345 4637 vendor/google.golang.org/grpc/clientconn.go:1304  grpc: addrConn.createTransport failed to connect to {ubuntu:23456 0  <nil>}. Err :connection error: desc = "transport: Error while dialing cannot reuse client connection". Reconnecting...
W220119 11:54:38.675390 4637 vendor/google.golang.org/grpc/clientconn.go:953  Failed to dial ubuntu:23456: context canceled; please retry.
W220119 11:54:39.475476 4675 vendor/google.golang.org/grpc/clientconn.go:1304  grpc: addrConn.createTransport failed to connect to {ubuntu:23456 0  <nil>}. Err :connection error: desc = "transport: Error while dialing dial tcp 127.0.1.1:23456: connect: connection refused". Reconnecting...
W220119 11:54:40.476216 4675 vendor/google.golang.org/grpc/clientconn.go:1304  grpc: addrConn.createTransport failed to connect to {ubuntu:23456 0  <nil>}. Err :connection error: desc = "transport: Error while dialing cannot reuse client connection". Reconnecting...
W220119 11:54:40.476251 4675 vendor/google.golang.org/grpc/clientconn.go:953  Failed to dial ubuntu:23456: context canceled; please retry.
W220119 11:54:40.675163 4693 vendor/google.golang.org/grpc/clientconn.go:1304  grpc: addrConn.createTransport failed to connect to {ubuntu:23456 0  <nil>}. Err :connection error: desc = "transport: Error while dialing dial tcp 127.0.1.1:23456: connect: connection refused". Reconnecting...
I220119 11:54:41.674725 88 gossip/gossip.go:562  [n2] gossip status (ok, 3 nodes)
gossip client (1/3 cur/max conns)
  3: ubuntu:23458 (3m53s: infos 537/396 sent/received, bytes 75541B/106986B sent/received)
gossip server (0/3 cur/max conns, infos 943/486 sent/received, bytes 168108B/123252B sent/received)
W220119 11:54:41.675013 4693 vendor/google.golang.org/grpc/clientconn.go:1304  grpc: addrConn.createTransport failed to connect to {ubuntu:23456 0  <nil>}. Err :connection error: desc = "transport: Error while dialing cannot reuse client connection". Reconnecting...
W220119 11:54:41.675062 4693 vendor/google.golang.org/grpc/clientconn.go:953  Failed to dial ubuntu:23456: context canceled; please retry.
I220119 11:54:41.726762 92 server/status/runtime.go:500  [n2] runtime stats: 237 MiB RSS, 192 goroutines, 138 MiB/37 MiB/195 MiB GO alloc/idle/total, 27 MiB/35 MiB CGO alloc/total, 31.8 CGO/sec, 0.8/1.5 %(u/s)time, 0.0 %gc (0x), 152 KiB/152 KiB (r/w)net
W220119 11:54:41.829967 4739 vendor/google.golang.org/grpc/clientconn.go:1304  grpc: addrConn.createTransport failed to connect to {ubuntu:23456 0  <nil>}. Err :connection error: desc = "transport: Error while dialing dial tcp 127.0.1.1:23456: connect: connection refused". Reconnecting...
W220119 11:54:42.076124 4748 vendor/google.golang.org/grpc/clientconn.go:1304  grpc: addrConn.createTransport failed to connect to {ubuntu:23456 0  <nil>}. Err :connection error: desc = "transport: Error while dialing dial tcp 127.0.1.1:23456: connect: connection refused". Reconnecting...
W220119 11:54:42.830004 4739 vendor/google.golang.org/grpc/clientconn.go:1304  grpc: addrConn.createTransport failed to connect to {ubuntu:23456 0  <nil>}. Err :connection error: desc = "transport: Error while dialing cannot reuse client connection". Reconnecting...
W220119 11:54:42.830082 4739 vendor/google.golang.org/grpc/clientconn.go:953  Failed to dial ubuntu:23456: context canceled; please retry.
W220119 11:54:43.076386 4748 vendor/google.golang.org/grpc/clientconn.go:1304  grpc: addrConn.createTransport failed to connect to {ubuntu:23456 0  <nil>}. Err :connection error: desc = "transport: Error while dialing cannot reuse client connection". Reconnecting...
W220119 11:54:43.076437 4748 vendor/google.golang.org/grpc/clientconn.go:953  Failed to dial ubuntu:23456: context canceled; please retry.
W220119 11:54:43.276137 4716 vendor/google.golang.org/grpc/clientconn.go:1304  grpc: addrConn.createTransport failed to connect to {ubuntu:23456 0  <nil>}. Err :connection error: desc = "transport: Error while dialing dial tcp 127.0.1.1:23456: connect: connection refused". Reconnecting...
W220119 11:54:44.276235 4716 vendor/google.golang.org/grpc/clientconn.go:1304  grpc: addrConn.createTransport failed to connect to {ubuntu:23456 0  <nil>}. Err :connection error: desc = "transport: Error while dialing cannot reuse client connection". Reconnecting...
W220119 11:54:44.276303 4716 vendor/google.golang.org/grpc/clientconn.go:953  Failed to dial ubuntu:23456: context canceled; please retry.
W220119 11:54:44.475516 4705 vendor/google.golang.org/grpc/clientconn.go:1304  grpc: addrConn.createTransport failed to connect to {ubuntu:23456 0  <nil>}. Err :connection error: desc = "transport: Error while dialing dial tcp 127.0.1.1:23456: connect: connection refused". Reconnecting...
W220119 11:54:45.107529 94 server/node.go:876  [n2,summaries] health alerts detected: {Alerts:[{StoreID:2 Category:METRICS Description:ranges.underreplicated Value:93}]}
W220119 11:54:45.109432 4791 vendor/google.golang.org/grpc/clientconn.go:1304  grpc: addrConn.createTransport failed to connect to {ubuntu:23456 0  <nil>}. Err :connection error: desc = "transport: Error while dialing dial tcp 127.0.1.1:23456: connect: connection refused". Reconnecting...
I220119 11:54:45.110620 721 security/audit/server/audit_server.go:125  [n2] refresh audit server settings
W220119 11:54:45.475530 4705 vendor/google.golang.org/grpc/clientconn.go:1304  grpc: addrConn.createTransport failed to connect to {ubuntu:23456 0  <nil>}. Err :connection error: desc = "transport: Error while dialing cannot reuse client connection". Reconnecting...
W220119 11:54:45.475558 4705 vendor/google.golang.org/grpc/clientconn.go:953  Failed to dial ubuntu:23456: context canceled; please retry.
W220119 11:54:45.775611 4799 vendor/google.golang.org/grpc/clientconn.go:1304  grpc: addrConn.createTransport failed to connect to {ubuntu:23456 0  <nil>}. Err :connection error: desc = "transport: Error while dialing dial tcp 127.0.1.1:23456: connect: connection refused". Reconnecting...
W220119 11:54:46.109824 4791 vendor/google.golang.org/grpc/clientconn.go:1304  grpc: addrConn.createTransport failed to connect to {ubuntu:23456 0  <nil>}. Err :connection error: desc = "transport: Error while dialing cannot reuse client connection". Reconnecting...
W220119 11:54:46.109851 4791 vendor/google.golang.org/grpc/clientconn.go:953  Failed to dial ubuntu:23456: context canceled; please retry.
W220119 11:54:46.634720 4846 vendor/google.golang.org/grpc/clientconn.go:1304  grpc: addrConn.createTransport failed to connect to {ubuntu:23456 0  <nil>}. Err :connection error: desc = "transport: Error while dialing dial tcp 127.0.1.1:23456: connect: connection refused". Reconnecting...
W220119 11:54:46.775608 4799 vendor/google.golang.org/grpc/clientconn.go:1304  grpc: addrConn.createTransport failed to connect to {ubuntu:23456 0  <nil>}. Err :connection error: desc = "transport: Error while dialing cannot reuse client connection". Reconnecting...
W220119 11:54:46.775652 4799 vendor/google.golang.org/grpc/clientconn.go:953  Failed to dial ubuntu:23456: context canceled; please retry.
W220119 11:54:46.974785 4818 vendor/google.golang.org/grpc/clientconn.go:1304  grpc: addrConn.createTransport failed to connect to {ubuntu:23456 0  <nil>}. Err :connection error: desc = "transport: Error while dialing dial tcp 127.0.1.1:23456: connect: connection refused". Reconnecting...
W220119 11:54:47.634680 4846 vendor/google.golang.org/grpc/clientconn.go:1304  grpc: addrConn.createTransport failed to connect to {ubuntu:23456 0  <nil>}. Err :connection error: desc = "transport: Error while dialing cannot reuse client connection". Reconnecting...
W220119 11:54:47.634755 4846 vendor/google.golang.org/grpc/clientconn.go:953  Failed to dial ubuntu:23456: context canceled; please retry.
W220119 11:54:47.974789 4818 vendor/google.golang.org/grpc/clientconn.go:1304  grpc: addrConn.createTransport failed to connect to {ubuntu:23456 0  <nil>}. Err :connection error: desc = "transport: Error while dialing cannot reuse client connection". Reconnecting...
W220119 11:54:47.974829 4818 vendor/google.golang.org/grpc/clientconn.go:953  Failed to dial ubuntu:23456: context canceled; please retry.
W220119 11:54:48.276450 4888 vendor/google.golang.org/grpc/clientconn.go:1304  grpc: addrConn.createTransport failed to connect to {ubuntu:23456 0  <nil>}. Err :connection error: desc = "transport: Error while dialing dial tcp 127.0.1.1:23456: connect: connection refused". Reconnecting...
W220119 11:54:49.276226 4888 vendor/google.golang.org/grpc/clientconn.go:1304  grpc: addrConn.createTransport failed to connect to {ubuntu:23456 0  <nil>}. Err :connection error: desc = "transport: Error while dialing cannot reuse client connection". Reconnecting...
W220119 11:54:49.276255 4888 vendor/google.golang.org/grpc/clientconn.go:953  Failed to dial ubuntu:23456: context canceled; please retry.
W220119 11:54:49.475265 4878 vendor/google.golang.org/grpc/clientconn.go:1304  grpc: addrConn.createTransport failed to connect to {ubuntu:23456 0  <nil>}. Err :connection error: desc = "transport: Error while dialing dial tcp 127.0.1.1:23456: connect: connection refused". Reconnecting...
W220119 11:54:50.475146 4878 vendor/google.golang.org/grpc/clientconn.go:1304  grpc: addrConn.createTransport failed to connect to {ubuntu:23456 0  <nil>}. Err :connection error: desc = "transport: Error while dialing cannot reuse client connection". Reconnecting...
W220119 11:54:50.475215 4878 vendor/google.golang.org/grpc/clientconn.go:953  Failed to dial ubuntu:23456: context canceled; please retry.
W220119 11:54:51.075860 4947 vendor/google.golang.org/grpc/clientconn.go:1304  grpc: addrConn.createTransport failed to connect to {ubuntu:23456 0  <nil>}. Err :connection error: desc = "transport: Error while dialing dial tcp 127.0.1.1:23456: connect: connection refused". Reconnecting...
I220119 11:54:51.729739 92 server/status/runtime.go:500  [n2] runtime stats: 237 MiB RSS, 195 goroutines, 158 MiB/18 MiB/195 MiB GO alloc/idle/total, 27 MiB/35 MiB CGO alloc/total, 33.1 CGO/sec, 1.1/1.4 %(u/s)time, 0.0 %gc (0x), 154 KiB/155 KiB (r/w)net
W220119 11:54:52.075697 4947 vendor/google.golang.org/grpc/clientconn.go:1304  grpc: addrConn.createTransport failed to connect to {ubuntu:23456 0  <nil>}. Err :connection error: desc = "transport: Error while dialing cannot reuse client connection". Reconnecting...
W220119 11:54:52.075746 4947 vendor/google.golang.org/grpc/clientconn.go:953  Failed to dial ubuntu:23456: context canceled; please retry.
W220119 11:54:52.275706 4967 vendor/google.golang.org/grpc/clientconn.go:1304  grpc: addrConn.createTransport failed to connect to {ubuntu:23456 0  <nil>}. Err :connection error: desc = "transport: Error while dialing dial tcp 127.0.1.1:23456: connect: connection refused". Reconnecting...
W220119 11:54:53.276166 4967 vendor/google.golang.org/grpc/clientconn.go:1304  grpc: addrConn.createTransport failed to connect to {ubuntu:23456 0  <nil>}. Err :connection error: desc = "transport: Error while dialing cannot reuse client connection". Reconnecting...
W220119 11:54:53.276198 4967 vendor/google.golang.org/grpc/clientconn.go:953  Failed to dial ubuntu:23456: context canceled; please retry.
W220119 11:54:53.875734 4833 vendor/google.golang.org/grpc/clientconn.go:1304  grpc: addrConn.createTransport failed to connect to {ubuntu:23456 0  <nil>}. Err :connection error: desc = "transport: Error while dialing dial tcp 127.0.1.1:23456: connect: connection refused". Reconnecting...
W220119 11:54:54.875687 4833 vendor/google.golang.org/grpc/clientconn.go:1304  grpc: addrConn.createTransport failed to connect to {ubuntu:23456 0  <nil>}. Err :connection error: desc = "transport: Error while dialing cannot reuse client connection". Reconnecting...
W220119 11:54:54.875737 4833 vendor/google.golang.org/grpc/clientconn.go:953  Failed to dial ubuntu:23456: context canceled; please retry.
W220119 11:54:55.092555 4936 vendor/google.golang.org/grpc/clientconn.go:1304  grpc: addrConn.createTransport failed to connect to {ubuntu:23456 0  <nil>}. Err :connection error: desc = "transport: Error while dialing dial tcp 127.0.1.1:23456: connect: connection refused". Reconnecting...
W220119 11:54:55.106382 94 server/node.go:876  [n2,summaries] health alerts detected: {Alerts:[{StoreID:2 Category:METRICS Description:ranges.underreplicated Value:93}]}
I220119 11:54:55.110691 721 security/audit/server/audit_server.go:125  [n2] refresh audit server settings
W220119 11:54:55.175669 5029 vendor/google.golang.org/grpc/clientconn.go:1304  grpc: addrConn.createTransport failed to connect to {ubuntu:23456 0  <nil>}. Err :connection error: desc = "transport: Error while dialing dial tcp 127.0.1.1:23456: connect: connection refused". Reconnecting...
I220119 11:54:55.541157 715 server/server_update.go:64  [n2] failed attempt to upgrade cluster version, error: node 1 not running (UNAVAILABLE), cannot determine version
W220119 11:54:56.092600 4936 vendor/google.golang.org/grpc/clientconn.go:1304  grpc: addrConn.createTransport failed to connect to {ubuntu:23456 0  <nil>}. Err :connection error: desc = "transport: Error while dialing cannot reuse client connection". Reconnecting...
W220119 11:54:56.092613 4936 vendor/google.golang.org/grpc/clientconn.go:953  Failed to dial ubuntu:23456: grpc: the connection is closing; please retry.
W220119 11:54:56.175545 5029 vendor/google.golang.org/grpc/clientconn.go:1304  grpc: addrConn.createTransport failed to connect to {ubuntu:23456 0  <nil>}. Err :connection error: desc = "transport: Error while dialing cannot reuse client connection". Reconnecting...
W220119 11:54:56.175607 5029 vendor/google.golang.org/grpc/clientconn.go:953  Failed to dial ubuntu:23456: context canceled; please retry.
W220119 11:54:56.574512 5055 vendor/google.golang.org/grpc/clientconn.go:1304  grpc: addrConn.createTransport failed to connect to {ubuntu:23456 0  <nil>}. Err :connection error: desc = "transport: Error while dialing dial tcp 127.0.1.1:23456: connect: connection refused". Reconnecting...
W220119 11:54:57.574397 5055 vendor/google.golang.org/grpc/clientconn.go:1304  grpc: addrConn.createTransport failed to connect to {ubuntu:23456 0  <nil>}. Err :connection error: desc = "transport: Error while dialing cannot reuse client connection". Reconnecting...
W220119 11:54:57.574432 5055 vendor/google.golang.org/grpc/clientconn.go:953  Failed to dial ubuntu:23456: context canceled; please retry.
W220119 11:54:57.675445 5101 vendor/google.golang.org/grpc/clientconn.go:1304  grpc: addrConn.createTransport failed to connect to {ubuntu:23456 0  <nil>}. Err :connection error: desc = "transport: Error while dialing dial tcp 127.0.1.1:23456: connect: connection refused". Reconnecting...
W220119 11:54:58.675941 5101 vendor/google.golang.org/grpc/clientconn.go:1304  grpc: addrConn.createTransport failed to connect to {ubuntu:23456 0  <nil>}. Err :connection error: desc = "transport: Error while dialing cannot reuse client connection". Reconnecting...
W220119 11:54:58.675972 5101 vendor/google.golang.org/grpc/clientconn.go:953  Failed to dial ubuntu:23456: context canceled; please retry.
W220119 11:54:59.275019 5109 vendor/google.golang.org/grpc/clientconn.go:1304  grpc: addrConn.createTransport failed to connect to {ubuntu:23456 0  <nil>}. Err :connection error: desc = "transport: Error while dialing dial tcp 127.0.1.1:23456: connect: connection refused". Reconnecting...
W220119 11:55:00.274629 5109 vendor/google.golang.org/grpc/clientconn.go:1304  grpc: addrConn.createTransport failed to connect to {ubuntu:23456 0  <nil>}. Err :connection error: desc = "transport: Error while dialing cannot reuse client connection". Reconnecting...
W220119 11:55:00.274663 5109 vendor/google.golang.org/grpc/clientconn.go:953  Failed to dial ubuntu:23456: context canceled; please retry.
W220119 11:55:00.775493 5087 vendor/google.golang.org/grpc/clientconn.go:1304  grpc: addrConn.createTransport failed to connect to {ubuntu:23456 0  <nil>}. Err :connection error: desc = "transport: Error while dialing dial tcp 127.0.1.1:23456: connect: connection refused". Reconnecting...
I220119 11:55:01.731226 92 server/status/runtime.go:500  [n2] runtime stats: 238 MiB RSS, 195 goroutines, 94 MiB/77 MiB/195 MiB GO alloc/idle/total, 27 MiB/35 MiB CGO alloc/total, 30.8 CGO/sec, 1.3/1.4 %(u/s)time, 0.0 %gc (1x), 196 KiB/197 KiB (r/w)net
W220119 11:55:01.776206 5087 vendor/google.golang.org/grpc/clientconn.go:1304  grpc: addrConn.createTransport failed to connect to {ubuntu:23456 0  <nil>}. Err :connection error: desc = "transport: Error while dialing cannot reuse client connection". Reconnecting...
W220119 11:55:01.776279 5087 vendor/google.golang.org/grpc/clientconn.go:953  Failed to dial ubuntu:23456: context canceled; please retry.
W220119 11:55:02.075540 5172 vendor/google.golang.org/grpc/clientconn.go:1304  grpc: addrConn.createTransport failed to connect to {ubuntu:23456 0  <nil>}. Err :connection error: desc = "transport: Error while dialing dial tcp 127.0.1.1:23456: connect: connection refused". Reconnecting...
W220119 11:55:03.075374 5172 vendor/google.golang.org/grpc/clientconn.go:1304  grpc: addrConn.createTransport failed to connect to {ubuntu:23456 0  <nil>}. Err :connection error: desc = "transport: Error while dialing cannot reuse client connection". Reconnecting...
W220119 11:55:03.075417 5172 vendor/google.golang.org/grpc/clientconn.go:953  Failed to dial ubuntu:23456: context canceled; please retry.
W220119 11:55:03.375555 5167 vendor/google.golang.org/grpc/clientconn.go:1304  grpc: addrConn.createTransport failed to connect to {ubuntu:23456 0  <nil>}. Err :connection error: desc = "transport: Error while dialing dial tcp 127.0.1.1:23456: connect: connection refused". Reconnecting...
W220119 11:55:04.374988 5167 vendor/google.golang.org/grpc/clientconn.go:1304  grpc: addrConn.createTransport failed to connect to {ubuntu:23456 0  <nil>}. Err :connection error: desc = "transport: Error while dialing cannot reuse client connection". Reconnecting...
W220119 11:55:04.375029 5167 vendor/google.golang.org/grpc/clientconn.go:953  Failed to dial ubuntu:23456: context canceled; please retry.
W220119 11:55:04.675857 5206 vendor/google.golang.org/grpc/clientconn.go:1304  grpc: addrConn.createTransport failed to connect to {ubuntu:23456 0  <nil>}. Err :connection error: desc = "transport: Error while dialing dial tcp 127.0.1.1:23456: connect: connection refused". Reconnecting...
W220119 11:55:05.107566 94 server/node.go:876  [n2,summaries] health alerts detected: {Alerts:[{StoreID:2 Category:METRICS Description:ranges.underreplicated Value:93}]}
W220119 11:55:05.109011 5252 vendor/google.golang.org/grpc/clientconn.go:1304  grpc: addrConn.createTransport failed to connect to {ubuntu:23456 0  <nil>}. Err :connection error: desc = "transport: Error while dialing dial tcp 127.0.1.1:23456: connect: connection refused". Reconnecting...
I220119 11:55:05.111100 721 security/audit/server/audit_server.go:125  [n2] refresh audit server settings
W220119 11:55:05.676285 5206 vendor/google.golang.org/grpc/clientconn.go:1304  grpc: addrConn.createTransport failed to connect to {ubuntu:23456 0  <nil>}. Err :connection error: desc = "transport: Error while dialing cannot reuse client connection". Reconnecting...
W220119 11:55:05.676415 5206 vendor/google.golang.org/grpc/clientconn.go:953  Failed to dial ubuntu:23456: context canceled; please retry.
W220119 11:55:05.875264 5230 vendor/google.golang.org/grpc/clientconn.go:1304  grpc: addrConn.createTransport failed to connect to {ubuntu:23456 0  <nil>}. Err :connection error: desc = "transport: Error while dialing dial tcp 127.0.1.1:23456: connect: connection refused". Reconnecting...
W220119 11:55:06.109909 5252 vendor/google.golang.org/grpc/clientconn.go:1304  grpc: addrConn.createTransport failed to connect to {ubuntu:23456 0  <nil>}. Err :connection error: desc = "transport: Error while dialing cannot reuse client connection". Reconnecting...
W220119 11:55:06.109982 5252 vendor/google.golang.org/grpc/clientconn.go:953  Failed to dial ubuntu:23456: context canceled; please retry.
W220119 11:55:06.874939 5230 vendor/google.golang.org/grpc/clientconn.go:1304  grpc: addrConn.createTransport failed to connect to {ubuntu:23456 0  <nil>}. Err :connection error: desc = "transport: Error while dialing cannot reuse client connection". Reconnecting...
W220119 11:55:06.874977 5230 vendor/google.golang.org/grpc/clientconn.go:953  Failed to dial ubuntu:23456: context canceled; please retry.
W220119 11:55:07.275543 5241 vendor/google.golang.org/grpc/clientconn.go:1304  grpc: addrConn.createTransport failed to connect to {ubuntu:23456 0  <nil>}. Err :connection error: desc = "transport: Error while dialing dial tcp 127.0.1.1:23456: connect: connection refused". Reconnecting...
W220119 11:55:08.274889 5241 vendor/google.golang.org/grpc/clientconn.go:1304  grpc: addrConn.createTransport failed to connect to {ubuntu:23456 0  <nil>}. Err :connection error: desc = "transport: Error while dialing cannot reuse client connection". Reconnecting...
W220119 11:55:08.274942 5241 vendor/google.golang.org/grpc/clientconn.go:953  Failed to dial ubuntu:23456: context canceled; please retry.
W220119 11:55:08.675662 5317 vendor/google.golang.org/grpc/clientconn.go:1304  grpc: addrConn.createTransport failed to connect to {ubuntu:23456 0  <nil>}. Err :connection error: desc = "transport: Error while dialing dial tcp 127.0.1.1:23456: connect: connection refused". Reconnecting...
W220119 11:55:09.675562 5317 vendor/google.golang.org/grpc/clientconn.go:1304  grpc: addrConn.createTransport failed to connect to {ubuntu:23456 0  <nil>}. Err :connection error: desc = "transport: Error while dialing cannot reuse client connection". Reconnecting...
W220119 11:55:09.675598 5317 vendor/google.golang.org/grpc/clientconn.go:953  Failed to dial ubuntu:23456: context canceled; please retry.
W220119 11:55:09.974638 5348 vendor/google.golang.org/grpc/clientconn.go:1304  grpc: addrConn.createTransport failed to connect to {ubuntu:23456 0  <nil>}. Err :connection error: desc = "transport: Error while dialing dial tcp 127.0.1.1:23456: connect: connection refused". Reconnecting...
W220119 11:55:10.974511 5348 vendor/google.golang.org/grpc/clientconn.go:1304  grpc: addrConn.createTransport failed to connect to {ubuntu:23456 0  <nil>}. Err :connection error: desc = "transport: Error while dialing cannot reuse client connection". Reconnecting...
W220119 11:55:10.974550 5348 vendor/google.golang.org/grpc/clientconn.go:953  Failed to dial ubuntu:23456: context canceled; please retry.
W220119 11:55:11.375214 5368 vendor/google.golang.org/grpc/clientconn.go:1304  grpc: addrConn.createTransport failed to connect to {ubuntu:23456 0  <nil>}. Err :connection error: desc = "transport: Error while dialing dial tcp 127.0.1.1:23456: connect: connection refused". Reconnecting...
I220119 11:55:11.733349 92 server/status/runtime.go:500  [n2] runtime stats: 239 MiB RSS, 195 goroutines, 114 MiB/60 MiB/195 MiB GO alloc/idle/total, 27 MiB/36 MiB CGO alloc/total, 33.4 CGO/sec, 0.9/1.4 %(u/s)time, 0.0 %gc (0x), 142 KiB/142 KiB (r/w)net
W220119 11:55:11.849800 5346 vendor/google.golang.org/grpc/clientconn.go:1304  grpc: addrConn.createTransport failed to connect to {ubuntu:23456 0  <nil>}. Err :connection error: desc = "transport: Error while dialing dial tcp 127.0.1.1:23456: connect: connection refused". Reconnecting...
W220119 11:55:12.374829 5368 vendor/google.golang.org/grpc/clientconn.go:1304  grpc: addrConn.createTransport failed to connect to {ubuntu:23456 0  <nil>}. Err :connection error: desc = "transport: Error while dialing cannot reuse client connection". Reconnecting...
W220119 11:55:12.374870 5368 vendor/google.golang.org/grpc/clientconn.go:953  Failed to dial ubuntu:23456: context canceled; please retry.
W220119 11:55:12.849638 5346 vendor/google.golang.org/grpc/clientconn.go:1304  grpc: addrConn.createTransport failed to connect to {ubuntu:23456 0  <nil>}. Err :connection error: desc = "transport: Error while dialing cannot reuse client connection". Reconnecting...
W220119 11:55:12.849736 5346 vendor/google.golang.org/grpc/clientconn.go:953  Failed to dial ubuntu:23456: context canceled; please retry.
W220119 11:55:12.875290 5274 vendor/google.golang.org/grpc/clientconn.go:1304  grpc: addrConn.createTransport failed to connect to {ubuntu:23456 0  <nil>}. Err :connection error: desc = "transport: Error while dialing dial tcp 127.0.1.1:23456: connect: connection refused". Reconnecting...
W220119 11:55:13.875138 5274 vendor/google.golang.org/grpc/clientconn.go:1304  grpc: addrConn.createTransport failed to connect to {ubuntu:23456 0  <nil>}. Err :connection error: desc = "transport: Error while dialing cannot reuse client connection". Reconnecting...
W220119 11:55:13.875264 5274 vendor/google.golang.org/grpc/clientconn.go:953  Failed to dial ubuntu:23456: context canceled; please retry.
W220119 11:55:14.475211 5429 vendor/google.golang.org/grpc/clientconn.go:1304  grpc: addrConn.createTransport failed to connect to {ubuntu:23456 0  <nil>}. Err :connection error: desc = "transport: Error while dialing dial tcp 127.0.1.1:23456: connect: connection refused". Reconnecting...
W220119 11:55:15.108232 94 server/node.go:876  [n2,summaries] health alerts detected: {Alerts:[{StoreID:2 Category:METRICS Description:ranges.underreplicated Value:93}]}
W220119 11:55:15.109171 5385 vendor/google.golang.org/grpc/clientconn.go:1304  grpc: addrConn.createTransport failed to connect to {ubuntu:23456 0  <nil>}. Err :connection error: desc = "transport: Error while dialing dial tcp 127.0.1.1:23456: connect: connection refused". Reconnecting...
I220119 11:55:15.111263 721 security/audit/server/audit_server.go:125  [n2] refresh audit server settings
W220119 11:55:15.475256 5429 vendor/google.golang.org/grpc/clientconn.go:1304  grpc: addrConn.createTransport failed to connect to {ubuntu:23456 0  <nil>}. Err :connection error: desc = "transport: Error while dialing cannot reuse client connection". Reconnecting...
W220119 11:55:15.475295 5429 vendor/google.golang.org/grpc/clientconn.go:953  Failed to dial ubuntu:23456: context canceled; please retry.
W220119 11:55:15.775283 5392 vendor/google.golang.org/grpc/clientconn.go:1304  grpc: addrConn.createTransport failed to connect to {ubuntu:23456 0  <nil>}. Err :connection error: desc = "transport: Error while dialing dial tcp 127.0.1.1:23456: connect: connection refused". Reconnecting...
W220119 11:55:16.108961 5385 vendor/google.golang.org/grpc/clientconn.go:1304  grpc: addrConn.createTransport failed to connect to {ubuntu:23456 0  <nil>}. Err :connection error: desc = "transport: Error while dialing cannot reuse client connection". Reconnecting...
W220119 11:55:16.109009 5385 vendor/google.golang.org/grpc/clientconn.go:953  Failed to dial ubuntu:23456: context canceled; please retry.
W220119 11:55:16.640794 5476 vendor/google.golang.org/grpc/clientconn.go:1304  grpc: addrConn.createTransport failed to connect to {ubuntu:23456 0  <nil>}. Err :connection error: desc = "transport: Error while dialing dial tcp 127.0.1.1:23456: connect: connection refused". Reconnecting...
W220119 11:55:16.775644 5392 vendor/google.golang.org/grpc/clientconn.go:1304  grpc: addrConn.createTransport failed to connect to {ubuntu:23456 0  <nil>}. Err :connection error: desc = "transport: Error while dialing cannot reuse client connection". Reconnecting...
W220119 11:55:16.775696 5392 vendor/google.golang.org/grpc/clientconn.go:953  Failed to dial ubuntu:23456: context canceled; please retry.
W220119 11:55:17.640694 5476 vendor/google.golang.org/grpc/clientconn.go:1304  grpc: addrConn.createTransport failed to connect to {ubuntu:23456 0  <nil>}. Err :connection error: desc = "transport: Error while dialing cannot reuse client connection". Reconnecting...
W220119 11:55:17.640742 5476 vendor/google.golang.org/grpc/clientconn.go:953  Failed to dial ubuntu:23456: context canceled; please retry.
W220119 11:55:18.275147 5483 vendor/google.golang.org/grpc/clientconn.go:1304  grpc: addrConn.createTransport failed to connect to {ubuntu:23456 0  <nil>}. Err :connection error: desc = "transport: Error while dialing dial tcp 127.0.1.1:23456: connect: connection refused". Reconnecting...
W220119 11:55:19.275025 5483 vendor/google.golang.org/grpc/clientconn.go:1304  grpc: addrConn.createTransport failed to connect to {ubuntu:23456 0  <nil>}. Err :connection error: desc = "transport: Error while dialing cannot reuse client connection". Reconnecting...
W220119 11:55:19.275083 5483 vendor/google.golang.org/grpc/clientconn.go:953  Failed to dial ubuntu:23456: context canceled; please retry.
W220119 11:55:19.674942 5540 vendor/google.golang.org/grpc/clientconn.go:1304  grpc: addrConn.createTransport failed to connect to {ubuntu:23456 0  <nil>}. Err :connection error: desc = "transport: Error while dialing dial tcp 127.0.1.1:23456: connect: connection refused". Reconnecting...
W220119 11:55:20.674722 5540 vendor/google.golang.org/grpc/clientconn.go:1304  grpc: addrConn.createTransport failed to connect to {ubuntu:23456 0  <nil>}. Err :connection error: desc = "transport: Error while dialing cannot reuse client connection". Reconnecting...
W220119 11:55:20.674800 5540 vendor/google.golang.org/grpc/clientconn.go:953  Failed to dial ubuntu:23456: context canceled; please retry.
W220119 11:55:21.075218 5559 vendor/google.golang.org/grpc/clientconn.go:1304  grpc: addrConn.createTransport failed to connect to {ubuntu:23456 0  <nil>}. Err :connection error: desc = "transport: Error while dialing dial tcp 127.0.1.1:23456: connect: connection refused". Reconnecting...
I220119 11:55:21.734971 92 server/status/runtime.go:500  [n2] runtime stats: 239 MiB RSS, 196 goroutines, 135 MiB/40 MiB/195 MiB GO alloc/idle/total, 27 MiB/36 MiB CGO alloc/total, 32.0 CGO/sec, 1.0/1.4 %(u/s)time, 0.0 %gc (0x), 155 KiB/155 KiB (r/w)net
W220119 11:55:22.074903 5559 vendor/google.golang.org/grpc/clientconn.go:1304  grpc: addrConn.createTransport failed to connect to {ubuntu:23456 0  <nil>}. Err :connection error: desc = "transport: Error while dialing cannot reuse client connection". Reconnecting...
W220119 11:55:22.074945 5559 vendor/google.golang.org/grpc/clientconn.go:953  Failed to dial ubuntu:23456: context canceled; please retry.
W220119 11:55:22.375051 5585 vendor/google.golang.org/grpc/clientconn.go:1304  grpc: addrConn.createTransport failed to connect to {ubuntu:23456 0  <nil>}. Err :connection error: desc = "transport: Error while dialing dial tcp 127.0.1.1:23456: connect: connection refused". Reconnecting...
W220119 11:55:23.374903 5585 vendor/google.golang.org/grpc/clientconn.go:1304  grpc: addrConn.createTransport failed to connect to {ubuntu:23456 0  <nil>}. Err :connection error: desc = "transport: Error while dialing cannot reuse client connection". Reconnecting...
W220119 11:55:23.374952 5585 vendor/google.golang.org/grpc/clientconn.go:953  Failed to dial ubuntu:23456: context canceled; please retry.
W220119 11:55:23.675192 5607 vendor/google.golang.org/grpc/clientconn.go:1304  grpc: addrConn.createTransport failed to connect to {ubuntu:23456 0  <nil>}. Err :connection error: desc = "transport: Error while dialing dial tcp 127.0.1.1:23456: connect: connection refused". Reconnecting...
W220119 11:55:24.674941 5607 vendor/google.golang.org/grpc/clientconn.go:1304  grpc: addrConn.createTransport failed to connect to {ubuntu:23456 0  <nil>}. Err :connection error: desc = "transport: Error while dialing cannot reuse client connection". Reconnecting...
W220119 11:55:24.674973 5607 vendor/google.golang.org/grpc/clientconn.go:953  Failed to dial ubuntu:23456: context canceled; please retry.
W220119 11:55:25.074834 5628 vendor/google.golang.org/grpc/clientconn.go:1304  grpc: addrConn.createTransport failed to connect to {ubuntu:23456 0  <nil>}. Err :connection error: desc = "transport: Error while dialing dial tcp 127.0.1.1:23456: connect: connection refused". Reconnecting...
I220119 11:55:25.111764 721 security/audit/server/audit_server.go:125  [n2] refresh audit server settings
W220119 11:55:25.112403 94 server/node.go:876  [n2,summaries] health alerts detected: {Alerts:[{StoreID:2 Category:METRICS Description:ranges.underreplicated Value:93}]}
W220119 11:55:25.114148 5515 vendor/google.golang.org/grpc/clientconn.go:1304  grpc: addrConn.createTransport failed to connect to {ubuntu:23456 0  <nil>}. Err :connection error: desc = "transport: Error while dialing dial tcp 127.0.1.1:23456: connect: connection refused". Reconnecting...
W220119 11:55:26.074950 5628 vendor/google.golang.org/grpc/clientconn.go:1304  grpc: addrConn.createTransport failed to connect to {ubuntu:23456 0  <nil>}. Err :connection error: desc = "transport: Error while dialing cannot reuse client connection". Reconnecting...
W220119 11:55:26.074985 5628 vendor/google.golang.org/grpc/clientconn.go:953  Failed to dial ubuntu:23456: context canceled; please retry.
W220119 11:55:26.113531 5515 vendor/google.golang.org/grpc/clientconn.go:1304  grpc: addrConn.createTransport failed to connect to {ubuntu:23456 0  <nil>}. Err :connection error: desc = "transport: Error while dialing cannot reuse client connection". Reconnecting...
W220119 11:55:26.113619 5515 vendor/google.golang.org/grpc/clientconn.go:953  Failed to dial ubuntu:23456: context canceled; please retry.
W220119 11:55:26.272123 5657 vendor/google.golang.org/grpc/clientconn.go:1304  grpc: addrConn.createTransport failed to connect to {ubuntu:23456 0  <nil>}. Err :connection error: desc = "transport: Error while dialing dial tcp 127.0.1.1:23456: connect: connection refused". Reconnecting...
I220119 11:55:26.291545 715 server/server_update.go:64  [n2] failed attempt to upgrade cluster version, error: node 1 not running (UNAVAILABLE), cannot determine version
W220119 11:55:26.474896 5696 vendor/google.golang.org/grpc/clientconn.go:1304  grpc: addrConn.createTransport failed to connect to {ubuntu:23456 0  <nil>}. Err :connection error: desc = "transport: Error while dialing dial tcp 127.0.1.1:23456: connect: connection refused". Reconnecting...
W220119 11:55:27.272381 5657 vendor/google.golang.org/grpc/clientconn.go:1304  grpc: addrConn.createTransport failed to connect to {ubuntu:23456 0  <nil>}. Err :connection error: desc = "transport: Error while dialing cannot reuse client connection". Reconnecting...
W220119 11:55:27.272437 5657 vendor/google.golang.org/grpc/clientconn.go:953  Failed to dial ubuntu:23456: context canceled; please retry.
W220119 11:55:27.474560 5696 vendor/google.golang.org/grpc/clientconn.go:1304  grpc: addrConn.createTransport failed to connect to {ubuntu:23456 0  <nil>}. Err :connection error: desc = "transport: Error while dialing cannot reuse client connection". Reconnecting...
W220119 11:55:27.474601 5696 vendor/google.golang.org/grpc/clientconn.go:953  Failed to dial ubuntu:23456: context canceled; please retry.
W220119 11:55:27.875286 5726 vendor/google.golang.org/grpc/clientconn.go:1304  grpc: addrConn.createTransport failed to connect to {ubuntu:23456 0  <nil>}. Err :connection error: desc = "transport: Error while dialing dial tcp 127.0.1.1:23456: connect: connection refused". Reconnecting...
